08:12:49 **** Build of configuration Default for project robot ****
make all 
make: Nothing to be done for 'all'.
08:13:24 **** Incremental Build of configuration Default for project robot ****
make all 
rm main *.o *~ *#
rm: cannot remove ‘main’: No such file or directory
Makefile:27: recipe for target 'clean' failed
rm: cannot remove ‘*.o’: No such file or directory
rm: cannot remove ‘*~’: No such file or directory
rm: cannot remove ‘*#’: No such file or directory
make: *** [clean] Error 1
08:13:45 **** Incremental Build of configuration Default for project robot ****
make all 
rm main *.o *~ *#
rm: cannot remove ‘main’: No such file or directory
Makefile:27: recipe for target 'clean' failed
rm: cannot remove ‘*.o’: No such file or directory
rm: cannot remove ‘*~’: No such file or directory
rm: cannot remove ‘*#’: No such file or directory
make: *** [clean] Error 1
08:14:06 **** Incremental Build of configuration Default for project robot ****
make all 
rm *.o
rm: cannot remove ‘*.o’: No such file or directory
Makefile:27: recipe for target 'clean' failed
make: *** [clean] Error 1
08:14:19 **** Incremental Build of configuration Default for project robot ****
make all 
rm main *.o
rm: cannot remove ‘main’: No such file or directory
Makefile:27: recipe for target 'clean' failed
rm: cannot remove ‘*.o’: No such file or directory
make: *** [clean] Error 1
08:15:16 **** Incremental Build of configuration Default for project robot ****
make all 
g++ -I/usr/include/opencv  -g -c main.cpp
g++ -c multi_motor.cpp
g++ -c dynamixel.c
g++ -c dxl_hal.c
g++ -c ikine.cpp
g++ main.o multi_motor.o dynamixel.o dxl_hal.o ikine.o -o main 
08:16:25 **** Incremental Build of configuration Default for project robot ****
make all 
g++ -I/usr/include/opencv  -g -c main.cpp
g++ -c multi_motor.cpp
g++ -c dynamixel.c
g++ -c dxl_hal.c
g++ -c ikine.cpp
g++ main.o multi_motor.o dynamixel.o dxl_hal.o ikine.o -o main 
08:17:37 **** Incremental Build of configuration Default for project robot ****
make all 
make: Nothing to be done for 'all'.
08:27:27 **** Incremental Build of configuration Default for project robot ****
make all 
g++ -I/usr/include/opencv  -g -c main.cpp
main.cpp: In function ‘int main(int, char**)’:
main.cpp:50:22: error: ‘input_coords’ was not declared in this scope
  input_coords(&coords);
                      ^
make: *** [main.o] Error 1
Makefile:12: recipe for target 'main.o' failed
08:27:46 **** Incremental Build of configuration Default for project robot ****
make all 
g++ -I/usr/include/opencv  -g -c main.cpp
main.cpp: In function ‘int main(int, char**)’:
main.cpp:50:22: error: ‘input_coords’ was not declared in this scope
  input_coords(&coords);
                      ^
Makefile:12: recipe for target 'main.o' failed
make: *** [main.o] Error 1
08:27:52 **** Incremental Build of configuration Default for project robot ****
make all 
g++ -I/usr/include/opencv  -g -c main.cpp
main.cpp: In function ‘int main(int, char**)’:
main.cpp:50:22: error: ‘input_coords’ was not declared in this scope
  input_coords(&coords);
                      ^
make: *** [main.o] Error 1
Makefile:12: recipe for target 'main.o' failed
08:28:34 **** Incremental Build of configuration Default for project robot ****
make all 
g++ -I/usr/include/opencv  -g -c main.cpp
main.cpp: In function ‘int main(int, char**)’:
main.cpp:50:22: error: ‘input_coords’ was not declared in this scope
  input_coords(&coords);
                      ^
make: *** [main.o] Error 1
Makefile:12: recipe for target 'main.o' failed
08:31:12 **** Incremental Build of configuration Default for project robot ****
make all 
g++ -I/usr/include/opencv  -g -c main.cpp
main.cpp: In function ‘int main(int, char**)’:
main.cpp:50:22: error: ‘input_coords’ was not declared in this scope
  input_coords(&coords);
                      ^
Makefile:12: recipe for target 'main.o' failed
make: *** [main.o] Error 1
08:31:47 **** Incremental Build of configuration Default for project robot ****
make all 
g++ -I/usr/include/opencv  -g -c main.cpp
In file included from main.cpp:2:0:
ikine.h:10:14: error: expected identifier before numeric constant
 #define L2   100  //80
              ^
ikine.h:10:14: error: expected unqualified-id before numeric constant
ikine.h:9:14: error: expected identifier before numeric constant
 #define L1   240 //156
              ^
ikine.h:9:14: error: expected unqualified-id before numeric constant
ikine.h:10:14: error: expected identifier before numeric constant
 #define L2   100  //80
              ^
ikine.h:10:14: error: expected unqualified-id before numeric constant
ikine.h:9:14: error: expected identifier before numeric constant
 #define L1   240 //156
              ^
ikine.h:9:14: error: expected unqualified-id before numeric constant
ikine.h:10:14: error: expected unqualified-id before numeric constant
 #define L2   100  //80
              ^
ikine.h:10:14: error: expected ‘;’ before numeric constant
ikine.h:10:14: error: expected unqualified-id before numeric constant
ikine.h:9:14: error: expected unqualified-id before numeric constant
 #define L1   240 //156
              ^
ikine.h:9:14: error: expected ‘;’ before numeric constant
ikine.h:9:14: error: expected unqualified-id before numeric constant
ikine.h:10:14: error: expected nested-name-specifier before numeric constant
 #define L2   100  //80
              ^
ikine.h:10:14: error: expected unqualified-id before numeric constant
ikine.h:10:14: error: expected nested-name-specifier before numeric constant
 #define L2   100  //80
              ^
ikine.h:10:14: error: expected unqualified-id before numeric constant
In file included from /usr/include/opencv/cv.h:69:0,
                 from main.cpp:5:
/usr/include/opencv2/flann/flann.hpp:241:33: error: ‘ElementType’ was not declared in this scope
     void knnSearch(const vector<ElementType>& query, vector<int>& indices, vector<DistanceType>& dists, int knn, const ::cvflann::SearchParams& params);
                                 ^
/usr/include/opencv2/flann/flann.hpp:241:44: error: template argument 1 is invalid
     void knnSearch(const vector<ElementType>& query, vector<int>& indices, vector<DistanceType>& dists, int knn, const ::cvflann::SearchParams& params);
                                            ^
/usr/include/opencv2/flann/flann.hpp:241:44: error: template argument 2 is invalid
/usr/include/opencv2/flann/flann.hpp:241:83: error: ‘DistanceType’ was not declared in this scope
     void knnSearch(const vector<ElementType>& query, vector<int>& indices, vector<DistanceType>& dists, int knn, const ::cvflann::SearchParams& params);
                                                                                   ^
/usr/include/opencv2/flann/flann.hpp:241:95: error: template argument 1 is invalid
     void knnSearch(const vector<ElementType>& query, vector<int>& indices, vector<DistanceType>& dists, int knn, const ::cvflann::SearchParams& params);
                                                                                               ^
/usr/include/opencv2/flann/flann.hpp:241:95: error: template argument 2 is invalid
/usr/include/opencv2/flann/flann.hpp:244:35: error: ‘ElementType’ was not declared in this scope
     int radiusSearch(const vector<ElementType>& query, vector<int>& indices, vector<DistanceType>& dists, DistanceType radius, const ::cvflann::SearchParams& params);
                                   ^
/usr/include/opencv2/flann/flann.hpp:244:46: error: template argument 1 is invalid
     int radiusSearch(const vector<ElementType>& query, vector<int>& indices, vector<DistanceType>& dists, DistanceType radius, const ::cvflann::SearchParams& params);
                                              ^
/usr/include/opencv2/flann/flann.hpp:244:46: error: template argument 2 is invalid
/usr/include/opencv2/flann/flann.hpp:244:85: error: ‘DistanceType’ was not declared in this scope
     int radiusSearch(const vector<ElementType>& query, vector<int>& indices, vector<DistanceType>& dists, DistanceType radius, const ::cvflann::SearchParams& params);
                                                                                     ^
/usr/include/opencv2/flann/flann.hpp:244:97: error: template argument 1 is invalid
     int radiusSearch(const vector<ElementType>& query, vector<int>& indices, vector<DistanceType>& dists, DistanceType radius, const ::cvflann::SearchParams& params);
                                                                                                 ^
/usr/include/opencv2/flann/flann.hpp:244:97: error: template argument 2 is invalid
/usr/include/opencv2/flann/flann.hpp:244:107: error: ‘DistanceType’ has not been declared
     int radiusSearch(const vector<ElementType>& query, vector<int>& indices, vector<DistanceType>& dists, DistanceType radius, const ::cvflann::SearchParams& params);
                                                                                                           ^
/usr/include/opencv2/flann/flann.hpp:245:66: error: ‘DistanceType’ has not been declared
     int radiusSearch(const Mat& query, Mat& indices, Mat& dists, DistanceType radius, const ::cvflann::SearchParams& params);
                                                                  ^
/usr/include/opencv2/flann/flann.hpp:280:30: error: ‘ElementType’ was not declared in this scope
         ::cvflann::Index< L2<ElementType> >* nnIndex_L2;
                              ^
/usr/include/opencv2/flann/flann.hpp:280:41: error: template argument 1 is invalid
         ::cvflann::Index< L2<ElementType> >* nnIndex_L2;
                                         ^
/usr/include/opencv2/flann/flann.hpp:280:43: error: expected unqualified-id before ‘>’ token
         ::cvflann::Index< L2<ElementType> >* nnIndex_L2;
                                           ^
/usr/include/opencv2/flann/flann.hpp:281:30: error: ‘ElementType’ was not declared in this scope
         ::cvflann::Index< L1<ElementType> >* nnIndex_L1;
                              ^
/usr/include/opencv2/flann/flann.hpp:281:41: error: template argument 1 is invalid
         ::cvflann::Index< L1<ElementType> >* nnIndex_L1;
                                         ^
/usr/include/opencv2/flann/flann.hpp:281:43: error: expected unqualified-id before ‘>’ token
         ::cvflann::Index< L1<ElementType> >* nnIndex_L1;
                                           ^
/usr/include/opencv2/flann/flann.hpp: In member function ‘void cv::flann::Index_<T>::save(std::string)’:
/usr/include/opencv2/flann/flann.hpp:249:17: error: ‘nnIndex_L1’ was not declared in this scope
             if (nnIndex_L1) nnIndex_L1->save(filename);
                 ^
/usr/include/opencv2/flann/flann.hpp:250:17: error: ‘nnIndex_L2’ was not declared in this scope
             if (nnIndex_L2) nnIndex_L2->save(filename);
                 ^
/usr/include/opencv2/flann/flann.hpp: In member function ‘int cv::flann::Index_<T>::veclen() const’:
/usr/include/opencv2/flann/flann.hpp:255:17: error: ‘nnIndex_L1’ was not declared in this scope
             if (nnIndex_L1) return nnIndex_L1->veclen();
                 ^
/usr/include/opencv2/flann/flann.hpp:256:17: error: ‘nnIndex_L2’ was not declared in this scope
             if (nnIndex_L2) return nnIndex_L2->veclen();
                 ^
/usr/include/opencv2/flann/flann.hpp: In member function ‘int cv::flann::Index_<T>::size() const’:
/usr/include/opencv2/flann/flann.hpp:261:17: error: ‘nnIndex_L1’ was not declared in this scope
             if (nnIndex_L1) return nnIndex_L1->size();
                 ^
/usr/include/opencv2/flann/flann.hpp:262:17: error: ‘nnIndex_L2’ was not declared in this scope
             if (nnIndex_L2) return nnIndex_L2->size();
                 ^
/usr/include/opencv2/flann/flann.hpp: In member function ‘cvflann::IndexParams cv::flann::Index_<T>::getParameters()’:
/usr/include/opencv2/flann/flann.hpp:267:17: error: ‘nnIndex_L1’ was not declared in this scope
             if (nnIndex_L1) return nnIndex_L1->getParameters();
                 ^
/usr/include/opencv2/flann/flann.hpp:268:17: error: ‘nnIndex_L2’ was not declared in this scope
             if (nnIndex_L2) return nnIndex_L2->getParameters();
                 ^
/usr/include/opencv2/flann/flann.hpp: In member function ‘const IndexParams* cv::flann::Index_<T>::getIndexParameters()’:
/usr/include/opencv2/flann/flann.hpp:274:17: error: ‘nnIndex_L1’ was not declared in this scope
             if (nnIndex_L1) return nnIndex_L1->getIndexParameters();
                 ^
/usr/include/opencv2/flann/flann.hpp:275:17: error: ‘nnIndex_L2’ was not declared in this scope
             if (nnIndex_L2) return nnIndex_L2->getIndexParameters();
                 ^
In file included from /usr/include/opencv/cv.h:64:0,
                 from main.cpp:5:
/usr/include/opencv2/flann/flann.hpp: In constructor ‘cv::flann::Index_<T>::Index_(const cv::Mat&, const IndexParams&)’:
/usr/include/opencv2/flann/flann.hpp:294:5: error: ‘ElementType’ was not declared in this scope
     CV_Assert(dataset.type() == CvType<ElementType>::type());
     ^
/usr/include/opencv2/flann/flann.hpp:294:5: error: template argument 1 is invalid
     CV_Assert(dataset.type() == CvType<ElementType>::type());
     ^
In file included from /usr/include/opencv/cv.h:69:0,
                 from main.cpp:5:
/usr/include/opencv2/flann/flann.hpp:296:23: error: ‘ElementType’ was not declared in this scope
     ::cvflann::Matrix<ElementType> m_dataset((ElementType*)dataset.ptr<ElementType>(0), dataset.rows, dataset.cols);
                       ^
/usr/include/opencv2/flann/flann.hpp:296:34: error: template argument 1 is invalid
     ::cvflann::Matrix<ElementType> m_dataset((ElementType*)dataset.ptr<ElementType>(0), dataset.rows, dataset.cols);
                                  ^
/usr/include/opencv2/flann/flann.hpp:296:45: error: invalid type in declaration before ‘(’ token
     ::cvflann::Matrix<ElementType> m_dataset((ElementType*)dataset.ptr<ElementType>(0), dataset.rows, dataset.cols);
                                             ^
/usr/include/opencv2/flann/flann.hpp:296:59: error: expected primary-expression before ‘)’ token
     ::cvflann::Matrix<ElementType> m_dataset((ElementType*)dataset.ptr<ElementType>(0), dataset.rows, dataset.cols);
                                                           ^
/usr/include/opencv2/flann/flann.hpp:296:115: error: expression list treated as compound expression in initializer [-fpermissive]
     ::cvflann::Matrix<ElementType> m_dataset((ElementType*)dataset.ptr<ElementType>(0), dataset.rows, dataset.cols);
                                                                                                                   ^
/usr/include/opencv2/flann/flann.hpp:299:9: error: ‘nnIndex_L1’ was not declared in this scope
         nnIndex_L1 = NULL;
         ^
/usr/include/opencv2/flann/flann.hpp:300:9: error: ‘nnIndex_L2’ was not declared in this scope
         nnIndex_L2 = new ::cvflann::Index< L2<ElementType> >(m_dataset, params);
         ^
/usr/include/opencv2/flann/flann.hpp:300:58: error: template argument 1 is invalid
         nnIndex_L2 = new ::cvflann::Index< L2<ElementType> >(m_dataset, params);
                                                          ^
/usr/include/opencv2/flann/flann.hpp:303:9: error: ‘nnIndex_L1’ was not declared in this scope
         nnIndex_L1 = new ::cvflann::Index< L1<ElementType> >(m_dataset, params);
         ^
/usr/include/opencv2/flann/flann.hpp:303:58: error: template argument 1 is invalid
         nnIndex_L1 = new ::cvflann::Index< L1<ElementType> >(m_dataset, params);
                                                          ^
/usr/include/opencv2/flann/flann.hpp:304:9: error: ‘nnIndex_L2’ was not declared in this scope
         nnIndex_L2 = NULL;
         ^
/usr/include/opencv2/flann/flann.hpp:311:9: error: ‘nnIndex_L1’ was not declared in this scope
     if (nnIndex_L1) nnIndex_L1->buildIndex();
         ^
/usr/include/opencv2/flann/flann.hpp:312:9: error: ‘nnIndex_L2’ was not declared in this scope
     if (nnIndex_L2) nnIndex_L2->buildIndex();
         ^
/usr/include/opencv2/flann/flann.hpp: In destructor ‘cv::flann::Index_<T>::~Index_()’:
/usr/include/opencv2/flann/flann.hpp:318:9: error: ‘nnIndex_L1’ was not declared in this scope
     if (nnIndex_L1) delete nnIndex_L1;
         ^
/usr/include/opencv2/flann/flann.hpp:319:9: error: ‘nnIndex_L2’ was not declared in this scope
     if (nnIndex_L2) delete nnIndex_L2;
         ^
/usr/include/opencv2/flann/flann.hpp: At global scope:
/usr/include/opencv2/flann/flann.hpp:323:40: error: ‘ElementType’ was not declared in this scope
 void Index_<T>::knnSearch(const vector<ElementType>& query, vector<int>& indices, vector<DistanceType>& dists, int knn, const ::cvflann::SearchParams& searchParams)
                                        ^
/usr/include/opencv2/flann/flann.hpp:323:51: error: template argument 1 is invalid
 void Index_<T>::knnSearch(const vector<ElementType>& query, vector<int>& indices, vector<DistanceType>& dists, int knn, const ::cvflann::SearchParams& searchParams)
                                                   ^
/usr/include/opencv2/flann/flann.hpp:323:51: error: template argument 2 is invalid
/usr/include/opencv2/flann/flann.hpp:323:90: error: ‘DistanceType’ was not declared in this scope
 void Index_<T>::knnSearch(const vector<ElementType>& query, vector<int>& indices, vector<DistanceType>& dists, int knn, const ::cvflann::SearchParams& searchParams)
                                                                                          ^
/usr/include/opencv2/flann/flann.hpp:323:102: error: template argument 1 is invalid
 void Index_<T>::knnSearch(const vector<ElementType>& query, vector<int>& indices, vector<DistanceType>& dists, int knn, const ::cvflann::SearchParams& searchParams)
                                                                                                      ^
/usr/include/opencv2/flann/flann.hpp:323:102: error: template argument 2 is invalid
/usr/include/opencv2/flann/flann.hpp: In member function ‘void cv::flann::Index_<T>::knnSearch(const int&, std::vector<int>&, int&, int, const cvflann::SearchParams&)’:
/usr/include/opencv2/flann/flann.hpp:325:23: error: ‘ElementType’ was not declared in this scope
     ::cvflann::Matrix<ElementType> m_query((ElementType*)&query[0], 1, query.size());
                       ^
/usr/include/opencv2/flann/flann.hpp:325:34: error: template argument 1 is invalid
     ::cvflann::Matrix<ElementType> m_query((ElementType*)&query[0], 1, query.size());
                                  ^
/usr/include/opencv2/flann/flann.hpp:325:43: error: invalid type in declaration before ‘(’ token
     ::cvflann::Matrix<ElementType> m_query((ElementType*)&query[0], 1, query.size());
                                           ^
/usr/include/opencv2/flann/flann.hpp:325:57: error: expected primary-expression before ‘)’ token
     ::cvflann::Matrix<ElementType> m_query((ElementType*)&query[0], 1, query.size());
                                                         ^
/usr/include/opencv2/flann/flann.hpp:325:66: error: invalid types ‘const int[int]’ for array subscript
     ::cvflann::Matrix<ElementType> m_query((ElementType*)&query[0], 1, query.size());
                                                                  ^
/usr/include/opencv2/flann/flann.hpp:325:78: error: request for member ‘size’ in ‘query’, which is of non-class type ‘const int’
     ::cvflann::Matrix<ElementType> m_query((ElementType*)&query[0], 1, query.size());
                                                                              ^
/usr/include/opencv2/flann/flann.hpp:325:84: error: expression list treated as compound expression in initializer [-fpermissive]
     ::cvflann::Matrix<ElementType> m_query((ElementType*)&query[0], 1, query.size());
                                                                                    ^
/usr/include/opencv2/flann/flann.hpp:327:23: error: ‘DistanceType’ was not declared in this scope
     ::cvflann::Matrix<DistanceType> m_dists(&dists[0], 1, dists.size());
                       ^
/usr/include/opencv2/flann/flann.hpp:327:35: error: template argument 1 is invalid
     ::cvflann::Matrix<DistanceType> m_dists(&dists[0], 1, dists.size());
                                   ^
/usr/include/opencv2/flann/flann.hpp:327:44: error: invalid type in declaration before ‘(’ token
     ::cvflann::Matrix<DistanceType> m_dists(&dists[0], 1, dists.size());
                                            ^
/usr/include/opencv2/flann/flann.hpp:327:53: error: invalid types ‘int[int]’ for array subscript
     ::cvflann::Matrix<DistanceType> m_dists(&dists[0], 1, dists.size());
                                                     ^
/usr/include/opencv2/flann/flann.hpp:327:65: error: request for member ‘size’ in ‘dists’, which is of non-class type ‘int’
     ::cvflann::Matrix<DistanceType> m_dists(&dists[0], 1, dists.size());
                                                                 ^
/usr/include/opencv2/flann/flann.hpp:327:71: error: expression list treated as compound expression in initializer [-fpermissive]
     ::cvflann::Matrix<DistanceType> m_dists(&dists[0], 1, dists.size());
                                                                       ^
/usr/include/opencv2/flann/flann.hpp:329:9: error: ‘nnIndex_L1’ was not declared in this scope
     if (nnIndex_L1) nnIndex_L1->knnSearch(m_query,m_indices,m_dists,knn,searchParams);
         ^
/usr/include/opencv2/flann/flann.hpp:330:9: error: ‘nnIndex_L2’ was not declared in this scope
     if (nnIndex_L2) nnIndex_L2->knnSearch(m_query,m_indices,m_dists,knn,searchParams);
         ^
In file included from /usr/include/opencv/cv.h:64:0,
                 from main.cpp:5:
/usr/include/opencv2/flann/flann.hpp: In member function ‘void cv::flann::Index_<T>::knnSearch(const cv::Mat&, cv::Mat&, cv::Mat&, int, const cvflann::SearchParams&)’:
/usr/include/opencv2/flann/flann.hpp:337:5: error: ‘ElementType’ was not declared in this scope
     CV_Assert(queries.type() == CvType<ElementType>::type());
     ^
/usr/include/opencv2/flann/flann.hpp:337:5: error: template argument 1 is invalid
     CV_Assert(queries.type() == CvType<ElementType>::type());
     ^
In file included from /usr/include/opencv/cv.h:69:0,
                 from main.cpp:5:
/usr/include/opencv2/flann/flann.hpp:339:23: error: ‘ElementType’ was not declared in this scope
     ::cvflann::Matrix<ElementType> m_queries((ElementType*)queries.ptr<ElementType>(0), queries.rows, queries.cols);
                       ^
/usr/include/opencv2/flann/flann.hpp:339:34: error: template argument 1 is invalid
     ::cvflann::Matrix<ElementType> m_queries((ElementType*)queries.ptr<ElementType>(0), queries.rows, queries.cols);
                                  ^
/usr/include/opencv2/flann/flann.hpp:339:45: error: invalid type in declaration before ‘(’ token
     ::cvflann::Matrix<ElementType> m_queries((ElementType*)queries.ptr<ElementType>(0), queries.rows, queries.cols);
                                             ^
/usr/include/opencv2/flann/flann.hpp:339:59: error: expected primary-expression before ‘)’ token
     ::cvflann::Matrix<ElementType> m_queries((ElementType*)queries.ptr<ElementType>(0), queries.rows, queries.cols);
                                                           ^
/usr/include/opencv2/flann/flann.hpp:339:115: error: expression list treated as compound expression in initializer [-fpermissive]
     ::cvflann::Matrix<ElementType> m_queries((ElementType*)queries.ptr<ElementType>(0), queries.rows, queries.cols);
                                                                                                                   ^
In file included from /usr/include/opencv/cv.h:64:0,
                 from main.cpp:5:
/usr/include/opencv2/flann/flann.hpp:345:5: error: ‘DistanceType’ was not declared in this scope
     CV_Assert(dists.type() == CvType<DistanceType>::type());
     ^
/usr/include/opencv2/flann/flann.hpp:345:5: error: template argument 1 is invalid
     CV_Assert(dists.type() == CvType<DistanceType>::type());
     ^
In file included from /usr/include/opencv/cv.h:69:0,
                 from main.cpp:5:
/usr/include/opencv2/flann/flann.hpp:347:23: error: ‘DistanceType’ was not declared in this scope
     ::cvflann::Matrix<DistanceType> m_dists((DistanceType*)dists.ptr<DistanceType>(0), dists.rows, dists.cols);
                       ^
/usr/include/opencv2/flann/flann.hpp:347:35: error: template argument 1 is invalid
     ::cvflann::Matrix<DistanceType> m_dists((DistanceType*)dists.ptr<DistanceType>(0), dists.rows, dists.cols);
                                   ^
/usr/include/opencv2/flann/flann.hpp:347:44: error: invalid type in declaration before ‘(’ token
     ::cvflann::Matrix<DistanceType> m_dists((DistanceType*)dists.ptr<DistanceType>(0), dists.rows, dists.cols);
                                            ^
/usr/include/opencv2/flann/flann.hpp:347:59: error: expected primary-expression before ‘)’ token
     ::cvflann::Matrix<DistanceType> m_dists((DistanceType*)dists.ptr<DistanceType>(0), dists.rows, dists.cols);
                                                           ^
/usr/include/opencv2/flann/flann.hpp:347:110: error: expression list treated as compound expression in initializer [-fpermissive]
     ::cvflann::Matrix<DistanceType> m_dists((DistanceType*)dists.ptr<DistanceType>(0), dists.rows, dists.cols);
                                                                                                              ^
/usr/include/opencv2/flann/flann.hpp:349:9: error: ‘nnIndex_L1’ was not declared in this scope
     if (nnIndex_L1) nnIndex_L1->knnSearch(m_queries,m_indices,m_dists,knn, searchParams);
         ^
/usr/include/opencv2/flann/flann.hpp:350:9: error: ‘nnIndex_L2’ was not declared in this scope
     if (nnIndex_L2) nnIndex_L2->knnSearch(m_queries,m_indices,m_dists,knn, searchParams);
         ^
/usr/include/opencv2/flann/flann.hpp: At global scope:
/usr/include/opencv2/flann/flann.hpp:354:42: error: ‘ElementType’ was not declared in this scope
 int Index_<T>::radiusSearch(const vector<ElementType>& query, vector<int>& indices, vector<DistanceType>& dists, DistanceType radius, const ::cvflann::SearchParams& searchParams)
                                          ^
/usr/include/opencv2/flann/flann.hpp:354:53: error: template argument 1 is invalid
 int Index_<T>::radiusSearch(const vector<ElementType>& query, vector<int>& indices, vector<DistanceType>& dists, DistanceType radius, const ::cvflann::SearchParams& searchParams)
                                                     ^
/usr/include/opencv2/flann/flann.hpp:354:53: error: template argument 2 is invalid
/usr/include/opencv2/flann/flann.hpp:354:92: error: ‘DistanceType’ was not declared in this scope
 int Index_<T>::radiusSearch(const vector<ElementType>& query, vector<int>& indices, vector<DistanceType>& dists, DistanceType radius, const ::cvflann::SearchParams& searchParams)
                                                                                            ^
/usr/include/opencv2/flann/flann.hpp:354:104: error: template argument 1 is invalid
 int Index_<T>::radiusSearch(const vector<ElementType>& query, vector<int>& indices, vector<DistanceType>& dists, DistanceType radius, const ::cvflann::SearchParams& searchParams)
                                                                                                        ^
/usr/include/opencv2/flann/flann.hpp:354:104: error: template argument 2 is invalid
/usr/include/opencv2/flann/flann.hpp:354:114: error: ‘DistanceType’ has not been declared
 int Index_<T>::radiusSearch(const vector<ElementType>& query, vector<int>& indices, vector<DistanceType>& dists, DistanceType radius, const ::cvflann::SearchParams& searchParams)
                                                                                                                  ^
/usr/include/opencv2/flann/flann.hpp: In member function ‘int cv::flann::Index_<T>::radiusSearch(const int&, std::vector<int>&, int&, int, const cvflann::SearchParams&)’:
/usr/include/opencv2/flann/flann.hpp:356:23: error: ‘ElementType’ was not declared in this scope
     ::cvflann::Matrix<ElementType> m_query((ElementType*)&query[0], 1, query.size());
                       ^
/usr/include/opencv2/flann/flann.hpp:356:34: error: template argument 1 is invalid
     ::cvflann::Matrix<ElementType> m_query((ElementType*)&query[0], 1, query.size());
                                  ^
/usr/include/opencv2/flann/flann.hpp:356:43: error: invalid type in declaration before ‘(’ token
     ::cvflann::Matrix<ElementType> m_query((ElementType*)&query[0], 1, query.size());
                                           ^
/usr/include/opencv2/flann/flann.hpp:356:57: error: expected primary-expression before ‘)’ token
     ::cvflann::Matrix<ElementType> m_query((ElementType*)&query[0], 1, query.size());
                                                         ^
/usr/include/opencv2/flann/flann.hpp:356:66: error: invalid types ‘const int[int]’ for array subscript
     ::cvflann::Matrix<ElementType> m_query((ElementType*)&query[0], 1, query.size());
                                                                  ^
/usr/include/opencv2/flann/flann.hpp:356:78: error: request for member ‘size’ in ‘query’, which is of non-class type ‘const int’
     ::cvflann::Matrix<ElementType> m_query((ElementType*)&query[0], 1, query.size());
                                                                              ^
/usr/include/opencv2/flann/flann.hpp:356:84: error: expression list treated as compound expression in initializer [-fpermissive]
     ::cvflann::Matrix<ElementType> m_query((ElementType*)&query[0], 1, query.size());
                                                                                    ^
/usr/include/opencv2/flann/flann.hpp:358:23: error: ‘DistanceType’ was not declared in this scope
     ::cvflann::Matrix<DistanceType> m_dists(&dists[0], 1, dists.size());
                       ^
/usr/include/opencv2/flann/flann.hpp:358:35: error: template argument 1 is invalid
     ::cvflann::Matrix<DistanceType> m_dists(&dists[0], 1, dists.size());
                                   ^
/usr/include/opencv2/flann/flann.hpp:358:44: error: invalid type in declaration before ‘(’ token
     ::cvflann::Matrix<DistanceType> m_dists(&dists[0], 1, dists.size());
                                            ^
/usr/include/opencv2/flann/flann.hpp:358:53: error: invalid types ‘int[int]’ for array subscript
     ::cvflann::Matrix<DistanceType> m_dists(&dists[0], 1, dists.size());
                                                     ^
/usr/include/opencv2/flann/flann.hpp:358:65: error: request for member ‘size’ in ‘dists’, which is of non-class type ‘int’
     ::cvflann::Matrix<DistanceType> m_dists(&dists[0], 1, dists.size());
                                                                 ^
/usr/include/opencv2/flann/flann.hpp:358:71: error: expression list treated as compound expression in initializer [-fpermissive]
     ::cvflann::Matrix<DistanceType> m_dists(&dists[0], 1, dists.size());
                                                                       ^
/usr/include/opencv2/flann/flann.hpp:360:9: error: ‘nnIndex_L1’ was not declared in this scope
     if (nnIndex_L1) return nnIndex_L1->radiusSearch(m_query,m_indices,m_dists,radius,searchParams);
         ^
/usr/include/opencv2/flann/flann.hpp:361:9: error: ‘nnIndex_L2’ was not declared in this scope
     if (nnIndex_L2) return nnIndex_L2->radiusSearch(m_query,m_indices,m_dists,radius,searchParams);
         ^
/usr/include/opencv2/flann/flann.hpp: At global scope:
/usr/include/opencv2/flann/flann.hpp:365:73: error: ‘DistanceType’ has not been declared
 int Index_<T>::radiusSearch(const Mat& query, Mat& indices, Mat& dists, DistanceType radius, const ::cvflann::SearchParams& searchParams)
                                                                         ^
In file included from /usr/include/opencv/cv.h:64:0,
                 from main.cpp:5:
/usr/include/opencv2/flann/flann.hpp: In member function ‘int cv::flann::Index_<T>::radiusSearch(const cv::Mat&, cv::Mat&, cv::Mat&, int, const cvflann::SearchParams&)’:
/usr/include/opencv2/flann/flann.hpp:367:5: error: ‘ElementType’ was not declared in this scope
     CV_Assert(query.type() == CvType<ElementType>::type());
     ^
/usr/include/opencv2/flann/flann.hpp:367:5: error: template argument 1 is invalid
     CV_Assert(query.type() == CvType<ElementType>::type());
     ^
In file included from /usr/include/opencv/cv.h:69:0,
                 from main.cpp:5:
/usr/include/opencv2/flann/flann.hpp:369:23: error: ‘ElementType’ was not declared in this scope
     ::cvflann::Matrix<ElementType> m_query((ElementType*)query.ptr<ElementType>(0), query.rows, query.cols);
                       ^
/usr/include/opencv2/flann/flann.hpp:369:34: error: template argument 1 is invalid
     ::cvflann::Matrix<ElementType> m_query((ElementType*)query.ptr<ElementType>(0), query.rows, query.cols);
                                  ^
/usr/include/opencv2/flann/flann.hpp:369:43: error: invalid type in declaration before ‘(’ token
Makefile:12: recipe for target 'main.o' failed
     ::cvflann::Matrix<ElementType> m_query((ElementType*)query.ptr<ElementType>(0), query.rows, query.cols);
                                           ^
/usr/include/opencv2/flann/flann.hpp:369:57: error: expected primary-expression before ‘)’ token
     ::cvflann::Matrix<ElementType> m_query((ElementType*)query.ptr<ElementType>(0), query.rows, query.cols);
                                                         ^
/usr/include/opencv2/flann/flann.hpp:369:107: error: expression list treated as compound expression in initializer [-fpermissive]
     ::cvflann::Matrix<ElementType> m_query((ElementType*)query.ptr<ElementType>(0), query.rows, query.cols);
                                                                                                           ^
In file included from /usr/include/opencv/cv.h:64:0,
                 from main.cpp:5:
/usr/include/opencv2/flann/flann.hpp:375:5: error: ‘DistanceType’ was not declared in this scope
     CV_Assert(dists.type() == CvType<DistanceType>::type());
     ^
/usr/include/opencv2/flann/flann.hpp:375:5: error: template argument 1 is invalid
     CV_Assert(dists.type() == CvType<DistanceType>::type());
     ^
In file included from /usr/include/opencv/cv.h:69:0,
                 from main.cpp:5:
/usr/include/opencv2/flann/flann.hpp:377:23: error: ‘DistanceType’ was not declared in this scope
     ::cvflann::Matrix<DistanceType> m_dists((DistanceType*)dists.ptr<DistanceType>(0), dists.rows, dists.cols);
                       ^
/usr/include/opencv2/flann/flann.hpp:377:35: error: template argument 1 is invalid
     ::cvflann::Matrix<DistanceType> m_dists((DistanceType*)dists.ptr<DistanceType>(0), dists.rows, dists.cols);
                                   ^
/usr/include/opencv2/flann/flann.hpp:377:44: error: invalid type in declaration before ‘(’ token
     ::cvflann::Matrix<DistanceType> m_dists((DistanceType*)dists.ptr<DistanceType>(0), dists.rows, dists.cols);
                                            ^
/usr/include/opencv2/flann/flann.hpp:377:59: error: expected primary-expression before ‘)’ token
     ::cvflann::Matrix<DistanceType> m_dists((DistanceType*)dists.ptr<DistanceType>(0), dists.rows, dists.cols);
                                                           ^
/usr/include/opencv2/flann/flann.hpp:377:110: error: expression list treated as compound expression in initializer [-fpermissive]
     ::cvflann::Matrix<DistanceType> m_dists((DistanceType*)dists.ptr<DistanceType>(0), dists.rows, dists.cols);
                                                                                                              ^
/usr/include/opencv2/flann/flann.hpp:379:9: error: ‘nnIndex_L1’ was not declared in this scope
     if (nnIndex_L1) return nnIndex_L1->radiusSearch(m_query,m_indices,m_dists,radius,searchParams);
         ^
/usr/include/opencv2/flann/flann.hpp:380:9: error: ‘nnIndex_L2’ was not declared in this scope
     if (nnIndex_L2) return nnIndex_L2->radiusSearch(m_query,m_indices,m_dists,radius,searchParams);
         ^
/usr/include/opencv2/flann/flann.hpp: In function ‘int cv::flann::hierarchicalClustering(const cv::Mat&, cv::Mat&, const cvflann::KMeansIndexParams&)’:
/usr/include/opencv2/flann/flann.hpp:410:16: error: parse error in template argument list
         return hierarchicalClustering< L2<ELEM_TYPE> >(features, centers, params);
                ^
/usr/include/opencv2/flann/flann.hpp:413:16: error: parse error in template argument list
         return hierarchicalClustering< L1<ELEM_TYPE> >(features, centers, params);
                ^
main.cpp: In function ‘int main(int, char**)’:
main.cpp:50:22: error: ‘input_coords’ was not declared in this scope
  input_coords(&coords);
                      ^
make: *** [main.o] Error 1
08:32:26 **** Incremental Build of configuration Default for project robot ****
make all 
g++ -I/usr/include/opencv  -g -c main.cpp
main.cpp: In function ‘int main(int, char**)’:
main.cpp:50:22: error: ‘input_coords’ was not declared in this scope
  input_coords(&coords);
                      ^
make: *** [main.o] Error 1
Makefile:12: recipe for target 'main.o' failed
08:33:14 **** Incremental Build of configuration Default for project robot ****
make all 
g++ -I/usr/include/opencv  -g -c main.cpp
main.cpp: In function ‘int main(int, char**)’:
main.cpp:50:22: error: ‘input_coords’ was not declared in this scope
  input_coords(&coords);
                      ^
make: *** [main.o] Error 1
Makefile:12: recipe for target 'main.o' failed
08:33:25 **** Incremental Build of configuration Default for project robot ****
make all 
g++ -I/usr/include/opencv  -g -c main.cpp
main.cpp: In function ‘int main(int, char**)’:
main.cpp:50:22: error: ‘input_coords’ was not declared in this scope
  input_coords(&coords);
                      ^
Makefile:12: recipe for target 'main.o' failed
make: *** [main.o] Error 1
10:01:57 **** Incremental Build of configuration Default for project robot ****
make all 
g++ -I/usr/include/opencv  -g -c main.cpp
main.cpp: In function ‘int main(int, char**)’:
main.cpp:50:22: error: ‘input_coords’ was not declared in this scope
  input_coords(&coords);
                      ^
Makefile:12: recipe for target 'main.o' failed
make: *** [main.o] Error 1
10:02:24 **** Incremental Build of configuration Default for project robot ****
make all 
g++ -I/usr/include/opencv  -g -c main.cpp
main.cpp: In function ‘int main(int, char**)’:
main.cpp:50:22: error: ‘input_coords’ was not declared in this scope
  input_coords(&coords);
                      ^
make: *** [main.o] Error 1
Makefile:12: recipe for target 'main.o' failed
10:02:59 **** Incremental Build of configuration Default for project robot ****
make all 
g++ -I/usr/include/opencv  -g -c main.cpp
main.cpp: In function ‘int main(int, char**)’:
main.cpp:50:22: error: ‘input_coords’ was not declared in this scope
  input_coords(&coords);
                      ^
Makefile:12: recipe for target 'main.o' failed
make: *** [main.o] Error 1
10:04:03 **** Incremental Build of configuration Default for project robot ****
make all 
g++ -I/usr/include/opencv  -g -c main.cpp
main.cpp: In function ‘int main(int, char**)’:
main.cpp:50:22: error: ‘input_coords’ was not declared in this scope
  input_coords(&coords);
                      ^
make: *** [main.o] Error 1
Makefile:12: recipe for target 'main.o' failed
10:06:29 **** Incremental Build of configuration Default for project robot ****
make all 
g++ -I/usr/include/opencv  -g -c main.cpp
main.cpp: In function ‘int main(int, char**)’:
main.cpp:50:22: error: ‘input_coords’ was not declared in this scope
  input_coords(&coords);
                      ^
make: *** [main.o] Error 1
Makefile:12: recipe for target 'main.o' failed
10:09:55 **** Incremental Build of configuration Default for project robot ****
make all 
make: Nothing to be done for 'all'.
10:11:47 **** Incremental Build of configuration Default for project robot ****
make all 
make: Nothing to be done for 'all'.
10:11:49 **** Incremental Build of configuration Default for project robot ****
make all 
make: Nothing to be done for 'all'.
10:11:50 **** Incremental Build of configuration Default for project robot ****
make all 
make: Nothing to be done for 'all'.
10:11:55 **** Incremental Build of configuration Default for project robot ****
make all 
g++ -I/usr/include/opencv  -g -c main.cpp
g++ -c multi_motor.cpp
g++ -c dynamixel.c
g++ -c dxl_hal.c
g++ -c ikine.cpp
g++ -I/usr/include/opencv  -g -c fkine.cpp
g++ -I/usr/include/opencv  -g -c control_and_input.cpp
g++ main.o multi_motor.o dynamixel.o dxl_hal.o ikine.o fkine.o control_and_input.o -o main 
10:16:39 **** Incremental Build of configuration Default for project robot ****
make all 
g++ -I/usr/include/opencv  -g -c main.cpp
g++ main.o multi_motor.o dynamixel.o dxl_hal.o ikine.o fkine.o control_and_input.o -o main 
10:19:17 **** Incremental Build of configuration Default for project robot ****
make all 
g++ -I/usr/include/opencv  -g -c control_and_input.cpp
g++ main.o multi_motor.o dynamixel.o dxl_hal.o ikine.o fkine.o control_and_input.o -o main 
10:19:55 **** Incremental Build of configuration Default for project robot ****
make all 
g++ -I/usr/include/opencv  -g -c control_and_input.cpp
g++ main.o multi_motor.o dynamixel.o dxl_hal.o ikine.o fkine.o control_and_input.o -o main 
10:22:54 **** Incremental Build of configuration Default for project robot ****
make all 
g++ -I/usr/include/opencv  -g -c control_and_input.cpp
g++ main.o multi_motor.o dynamixel.o dxl_hal.o ikine.o fkine.o control_and_input.o -o main 
10:22:57 **** Incremental Build of configuration Default for project robot ****
make all 
make: Nothing to be done for 'all'.
10:23:50 **** Incremental Build of configuration Default for project robot ****
make all 
g++ -I/usr/include/opencv  -g -c main.cpp
g++ main.o multi_motor.o dynamixel.o dxl_hal.o ikine.o fkine.o control_and_input.o -o main 
10:26:52 **** Incremental Build of configuration Default for project robot ****
make all 
g++ -I/usr/include/opencv  -g -c main.cpp
main.cpp: In function ‘int main(int, char**)’:
main.cpp:89:1: error: expected ‘}’ at end of input
 }
 ^
make: *** [main.o] Error 1
Makefile:12: recipe for target 'main.o' failed
10:27:18 **** Incremental Build of configuration Default for project robot ****
make all 
g++ -I/usr/include/opencv  -g -c main.cpp
g++ main.o multi_motor.o dynamixel.o dxl_hal.o ikine.o fkine.o control_and_input.o -o main 
10:28:30 **** Incremental Build of configuration Default for project robot ****
make all 
g++ -I/usr/include/opencv  -g -c main.cpp
g++ main.o multi_motor.o dynamixel.o dxl_hal.o ikine.o fkine.o control_and_input.o -o main 
10:39:03 **** Incremental Build of configuration Default for project robot ****
make all 
g++ -c multi_motor.cpp
In file included from multi_motor.cpp:8:0:
multi_motor.h:79:28: error: ‘vector’ has not been declared
     void read_motor_angles(vector<int> *PresentPos);
                            ^
multi_motor.h:79:34: error: expected ‘,’ or ‘...’ before ‘<’ token
     void read_motor_angles(vector<int> *PresentPos);
                                  ^
multi_motor.cpp:79:43: error: variable or field ‘read_motor_angles’ declared void
 void CMulti_DNMX_Motor::read_motor_angles(vector<int> *PresentPos) {
                                           ^
multi_motor.cpp:79:43: error: ‘vector’ was not declared in this scope
multi_motor.cpp:79:50: error: expected primary-expression before ‘int’
Makefile:15: recipe for target 'multi_motor.o' failed
 void CMulti_DNMX_Motor::read_motor_angles(vector<int> *PresentPos) {
                                                  ^
make: *** [multi_motor.o] Error 1
10:39:25 **** Incremental Build of configuration Default for project robot ****
make all 
g++ -c multi_motor.cpp
g++ main.o multi_motor.o dynamixel.o dxl_hal.o ikine.o fkine.o control_and_input.o -o main 
10:41:36 **** Incremental Build of configuration Default for project robot ****
make all 
g++ -I/usr/include/opencv  -g -c main.cpp
main.cpp: In function ‘int main(int, char**)’:
main.cpp:89:43: error: no matching function for call to ‘CMulti_DNMX_Motor::read_motor_angles(std::vector<int>&)’
      Motors.read_motor_angles(fkine_vector);
                                           ^
main.cpp:89:43: note: candidate is:
In file included from main.cpp:5:0:
multi_motor.h:80:10: note: void CMulti_DNMX_Motor::read_motor_angles(std::vector<int>*)
     void read_motor_angles(vector<int> *PresentPos);
          ^
multi_motor.h:80:10: note:   no known conversion for argument 1 from ‘std::vector<int>’ to ‘std::vector<int>*’
make: *** [main.o] Error 1
Makefile:12: recipe for target 'main.o' failed
10:41:43 **** Incremental Build of configuration Default for project robot ****
make all 
g++ -I/usr/include/opencv  -g -c main.cpp
g++ main.o multi_motor.o dynamixel.o dxl_hal.o ikine.o fkine.o control_and_input.o -o main 
10:42:28 **** Incremental Build of configuration Default for project robot ****
make all 
make: Nothing to be done for 'all'.
10:44:19 **** Incremental Build of configuration Default for project robot ****
make all 
g++ -I/usr/include/opencv  -g -c fkine.cpp
g++ main.o multi_motor.o dynamixel.o dxl_hal.o ikine.o fkine.o control_and_input.o -o main 
10:44:51 **** Incremental Build of configuration Default for project robot ****
make all 
g++ -I/usr/include/opencv  -g -c main.cpp
g++ main.o multi_motor.o dynamixel.o dxl_hal.o ikine.o fkine.o control_and_input.o -o main 
10:45:47 **** Incremental Build of configuration Default for project robot ****
make all 
g++ -I/usr/include/opencv  -g -c main.cpp
main.cpp: In function ‘int main(int, char**)’:
main.cpp:90:37: error: ‘print_angles_bits’ was not declared in this scope
      print_angles_bits(&fkine_vector);
                                     ^
make: *** [main.o] Error 1
Makefile:12: recipe for target 'main.o' failed
10:46:18 **** Incremental Build of configuration Default for project robot ****
make all 
g++ -I/usr/include/opencv  -g -c main.cpp
g++ -I/usr/include/opencv  -g -c fkine.cpp
fkine.cpp: In function ‘void print_angle_bits(std::vector<int>)’:
fkine.cpp:8:22: error: base operand of ‘->’ has non-pointer type ‘std::vector<int>’
  cout << fkine_vector->at(0) << ", "
                      ^
fkine.cpp:9:19: error: base operand of ‘->’ has non-pointer type ‘std::vector<int>’
    << fkine_vector->at(1) << ", "
                   ^
fkine.cpp:10:19: error: base operand of ‘->’ has non-pointer type ‘std::vector<int>’
    << fkine_vector->at(2) << ", "
                   ^
fkine.cpp:11:19: error: base operand of ‘->’ has non-pointer type ‘std::vector<int>’
    << fkine_vector->at(3) << endl;
                   ^
make: *** [fkine.o] Error 1
Makefile:27: recipe for target 'fkine.o' failed
10:46:38 **** Incremental Build of configuration Default for project robot ****
make all 
g++ -I/usr/include/opencv  -g -c main.cpp
g++ -I/usr/include/opencv  -g -c fkine.cpp
g++ main.o multi_motor.o dynamixel.o dxl_hal.o ikine.o fkine.o control_and_input.o -o main 
10:48:58 **** Incremental Build of configuration Default for project robot ****
make all 
g++ -I/usr/include/opencv  -g -c main.cpp
g++ main.o multi_motor.o dynamixel.o dxl_hal.o ikine.o fkine.o control_and_input.o -o main 
10:49:30 **** Incremental Build of configuration Default for project robot ****
make all 
g++ -c multi_motor.cpp
g++ main.o multi_motor.o dynamixel.o dxl_hal.o ikine.o fkine.o control_and_input.o -o main 
11:05:28 **** Incremental Build of configuration Default for project robot ****
make all 
g++ -I/usr/include/opencv  -g -c main.cpp
main.cpp: In function ‘int main(int, char**)’:
main.cpp:92:25: error: ‘print_angle’ was not declared in this scope
      print_angle(&angles);
                         ^
make: *** [main.o] Error 1
Makefile:12: recipe for target 'main.o' failed
11:05:39 **** Incremental Build of configuration Default for project robot ****
make all 
g++ -I/usr/include/opencv  -g -c main.cpp
main.cpp: In function ‘int main(int, char**)’:
main.cpp:92:25: error: cannot convert ‘std::vector<double>*’ to ‘std::vector<int>*’ for argument ‘1’ to ‘void print_angle(std::vector<int>*)’
      print_angle(&angles);
                         ^
make: *** [main.o] Error 1
Makefile:12: recipe for target 'main.o' failed
11:06:32 **** Incremental Build of configuration Default for project robot ****
make all 
g++ -I/usr/include/opencv  -g -c main.cpp
g++ -I/usr/include/opencv  -g -c fkine.cpp
g++ main.o multi_motor.o dynamixel.o dxl_hal.o ikine.o fkine.o control_and_input.o -o main 
11:07:29 **** Incremental Build of configuration Default for project robot ****
make all 
g++ -I/usr/include/opencv  -g -c main.cpp
g++ main.o multi_motor.o dynamixel.o dxl_hal.o ikine.o fkine.o control_and_input.o -o main 
11:08:11 **** Incremental Build of configuration Default for project robot ****
make all 
g++ -I/usr/include/opencv  -g -c fkine.cpp
g++ main.o multi_motor.o dynamixel.o dxl_hal.o ikine.o fkine.o control_and_input.o -o main 
11:08:45 **** Incremental Build of configuration Default for project robot ****
make all 
g++ -I/usr/include/opencv  -g -c fkine.cpp
g++ main.o multi_motor.o dynamixel.o dxl_hal.o ikine.o fkine.o control_and_input.o -o main 
11:11:17 **** Incremental Build of configuration Default for project robot ****
make all 
g++ -I/usr/include/opencv  -g -c main.cpp
g++ main.o multi_motor.o dynamixel.o dxl_hal.o ikine.o fkine.o control_and_input.o -o main 
11:18:04 **** Incremental Build of configuration Default for project robot ****
make all 
g++ -I/usr/include/opencv  -g -c main.cpp
g++ main.o multi_motor.o dynamixel.o dxl_hal.o ikine.o fkine.o control_and_input.o -o main 
11:19:04 **** Incremental Build of configuration Default for project robot ****
make all 
g++ -I/usr/include/opencv  -g -c main.cpp
g++ main.o multi_motor.o dynamixel.o dxl_hal.o ikine.o fkine.o control_and_input.o -o main 
11:22:53 **** Incremental Build of configuration Default for project robot ****
make all 
g++ -I/usr/include/opencv  -g -c fkine.cpp
g++ main.o multi_motor.o dynamixel.o dxl_hal.o ikine.o fkine.o control_and_input.o -o main 
11:47:53 **** Incremental Build of configuration Default for project robot ****
make all 
g++ -I/usr/include/opencv  -g -c main.cpp
g++ -I/usr/include/opencv  -g -c fkine.cpp
g++ main.o multi_motor.o dynamixel.o dxl_hal.o ikine.o fkine.o control_and_input.o -o main 
12:19:38 **** Incremental Build of configuration Default for project robot ****
make all 
g++ -c ikine.cpp
g++ main.o multi_motor.o dynamixel.o dxl_hal.o ikine.o fkine.o control_and_input.o -o main 
12:20:47 **** Incremental Build of configuration Default for project robot ****
make all 
make: Nothing to be done for 'all'.
12:21:14 **** Incremental Build of configuration Default for project robot ****
make all 
g++ -I/usr/include/opencv  -g -c main.cpp
g++ main.o multi_motor.o dynamixel.o dxl_hal.o ikine.o fkine.o control_and_input.o -o main 
12:26:25 **** Incremental Build of configuration Default for project robot ****
make all 
g++ -I/usr/include/opencv  -g -c main.cpp
g++ -I/usr/include/opencv  -g -c control_and_input.cpp
g++ main.o multi_motor.o dynamixel.o dxl_hal.o ikine.o fkine.o control_and_input.o -o main 
12:29:36 **** Incremental Build of configuration Default for project robot ****
make all 
g++ -I/usr/include/opencv  -g -c main.cpp
main.cpp: In function ‘int main(int, char**)’:
main.cpp:28:10: error: no match for ‘operator<<’ (operand types are ‘std::ostream {aka std::basic_ostream<char>}’ and ‘std::vector<double>’)
     cout << coords << endl;
          ^
main.cpp:28:10: note: candidates are:
In file included from /usr/include/c++/4.9.1/iostream:39:0,
                 from main.cpp:1:
/usr/include/c++/4.9.1/ostream:108:7: note: std::basic_ostream<_CharT, _Traits>::__ostream_type& std::basic_ostream<_CharT, _Traits>::operator<<(std::basic_ostream<_CharT, _Traits>::__ostream_type& (*)(std::basic_ostream<_CharT, _Traits>::__ostream_type&)) [with _CharT = char; _Traits = std::char_traits<char>; std::basic_ostream<_CharT, _Traits>::__ostream_type = std::basic_ostream<char>]
       operator<<(__ostream_type& (*__pf)(__ostream_type&))
       ^
/usr/include/c++/4.9.1/ostream:108:7: note:   no known conversion for argument 1 from ‘std::vector<double>’ to ‘std::basic_ostream<char>::__ostream_type& (*)(std::basic_ostream<char>::__ostream_type&) {aka std::basic_ostream<char>& (*)(std::basic_ostream<char>&)}’
/usr/include/c++/4.9.1/ostream:117:7: note: std::basic_ostream<_CharT, _Traits>::__ostream_type& std::basic_ostream<_CharT, _Traits>::operator<<(std::basic_ostream<_CharT, _Traits>::__ios_type& (*)(std::basic_ostream<_CharT, _Traits>::__ios_type&)) [with _CharT = char; _Traits = std::char_traits<char>; std::basic_ostream<_CharT, _Traits>::__ostream_type = std::basic_ostream<char>; std::basic_ostream<_CharT, _Traits>::__ios_type = std::basic_ios<char>]
       operator<<(__ios_type& (*__pf)(__ios_type&))
       ^
/usr/include/c++/4.9.1/ostream:117:7: note:   no known conversion for argument 1 from ‘std::vector<double>’ to ‘std::basic_ostream<char>::__ios_type& (*)(std::basic_ostream<char>::__ios_type&) {aka std::basic_ios<char>& (*)(std::basic_ios<char>&)}’
/usr/include/c++/4.9.1/ostream:127:7: note: std::basic_ostream<_CharT, _Traits>::__ostream_type& std::basic_ostream<_CharT, _Traits>::operator<<(std::ios_base& (*)(std::ios_base&)) [with _CharT = char; _Traits = std::char_traits<char>; std::basic_ostream<_CharT, _Traits>::__ostream_type = std::basic_ostream<char>]
       operator<<(ios_base& (*__pf) (ios_base&))
       ^
/usr/include/c++/4.9.1/ostream:127:7: note:   no known conversion for argument 1 from ‘std::vector<double>’ to ‘std::ios_base& (*)(std::ios_base&)’
/usr/include/c++/4.9.1/ostream:166:7: note: std::basic_ostream<_CharT, _Traits>::__ostream_type& std::basic_ostream<_CharT, _Traits>::operator<<(long int) [with _CharT = char; _Traits = std::char_traits<char>; std::basic_ostream<_CharT, _Traits>::__ostream_type = std::basic_ostream<char>]
       operator<<(long __n)
       ^
/usr/include/c++/4.9.1/ostream:166:7: note:   no known conversion for argument 1 from ‘std::vector<double>’ to ‘long int’
/usr/include/c++/4.9.1/ostream:170:7: note: std::basic_ostream<_CharT, _Traits>::__ostream_type& std::basic_ostream<_CharT, _Traits>::operator<<(long unsigned int) [with _CharT = char; _Traits = std::char_traits<char>; std::basic_ostream<_CharT, _Traits>::__ostream_type = std::basic_ostream<char>]
       operator<<(unsigned long __n)
       ^
/usr/include/c++/4.9.1/ostream:170:7: note:   no known conversion for argument 1 from ‘std::vector<double>’ to ‘long unsigned int’
/usr/include/c++/4.9.1/ostream:174:7: note: std::basic_ostream<_CharT, _Traits>::__ostream_type& std::basic_ostream<_CharT, _Traits>::operator<<(bool) [with _CharT = char; _Traits = std::char_traits<char>; std::basic_ostream<_CharT, _Traits>::__ostream_type = std::basic_ostream<char>]
       operator<<(bool __n)
       ^
/usr/include/c++/4.9.1/ostream:174:7: note:   no known conversion for argument 1 from ‘std::vector<double>’ to ‘bool’
In file included from /usr/include/c++/4.9.1/ostream:609:0,
                 from /usr/include/c++/4.9.1/iostream:39,
                 from main.cpp:1:
/usr/include/c++/4.9.1/bits/ostream.tcc:91:5: note: std::basic_ostream<_CharT, _Traits>& std::basic_ostream<_CharT, _Traits>::operator<<(short int) [with _CharT = char; _Traits = std::char_traits<char>]
     basic_ostream<_CharT, _Traits>::
     ^
/usr/include/c++/4.9.1/bits/ostream.tcc:91:5: note:   no known conversion for argument 1 from ‘std::vector<double>’ to ‘short int’
In file included from /usr/include/c++/4.9.1/iostream:39:0,
                 from main.cpp:1:
/usr/include/c++/4.9.1/ostream:181:7: note: std::basic_ostream<_CharT, _Traits>::__ostream_type& std::basic_ostream<_CharT, _Traits>::operator<<(short unsigned int) [with _CharT = char; _Traits = std::char_traits<char>; std::basic_ostream<_CharT, _Traits>::__ostream_type = std::basic_ostream<char>]
       operator<<(unsigned short __n)
       ^
/usr/include/c++/4.9.1/ostream:181:7: note:   no known conversion for argument 1 from ‘std::vector<double>’ to ‘short unsigned int’
In file included from /usr/include/c++/4.9.1/ostream:609:0,
                 from /usr/include/c++/4.9.1/iostream:39,
                 from main.cpp:1:
/usr/include/c++/4.9.1/bits/ostream.tcc:105:5: note: std::basic_ostream<_CharT, _Traits>& std::basic_ostream<_CharT, _Traits>::operator<<(int) [with _CharT = char; _Traits = std::char_traits<char>]
     basic_ostream<_CharT, _Traits>::
     ^
/usr/include/c++/4.9.1/bits/ostream.tcc:105:5: note:   no known conversion for argument 1 from ‘std::vector<double>’ to ‘int’
In file included from /usr/include/c++/4.9.1/iostream:39:0,
                 from main.cpp:1:
/usr/include/c++/4.9.1/ostream:192:7: note: std::basic_ostream<_CharT, _Traits>::__ostream_type& std::basic_ostream<_CharT, _Traits>::operator<<(unsigned int) [with _CharT = char; _Traits = std::char_traits<char>; std::basic_ostream<_CharT, _Traits>::__ostream_type = std::basic_ostream<char>]
       operator<<(unsigned int __n)
       ^
/usr/include/c++/4.9.1/ostream:192:7: note:   no known conversion for argument 1 from ‘std::vector<double>’ to ‘unsigned int’
/usr/include/c++/4.9.1/ostream:201:7: note: std::basic_ostream<_CharT, _Traits>::__ostream_type& std::basic_ostream<_CharT, _Traits>::operator<<(long long int) [with _CharT = char; _Traits = std::char_traits<char>; std::basic_ostream<_CharT, _Traits>::__ostream_type = std::basic_ostream<char>]
       operator<<(long long __n)
       ^
/usr/include/c++/4.9.1/ostream:201:7: note:   no known conversion for argument 1 from ‘std::vector<double>’ to ‘long long int’
/usr/include/c++/4.9.1/ostream:205:7: note: std::basic_ostream<_CharT, _Traits>::__ostream_type& std::basic_ostream<_CharT, _Traits>::operator<<(long long unsigned int) [with _CharT = char; _Traits = std::char_traits<char>; std::basic_ostream<_CharT, _Traits>::__ostream_type = std::basic_ostream<char>]
       operator<<(unsigned long long __n)
       ^
/usr/include/c++/4.9.1/ostream:205:7: note:   no known conversion for argument 1 from ‘std::vector<double>’ to ‘long long unsigned int’
/usr/include/c++/4.9.1/ostream:220:7: note: std::basic_ostream<_CharT, _Traits>::__ostream_type& std::basic_ostream<_CharT, _Traits>::operator<<(double) [with _CharT = char; _Traits = std::char_traits<char>; std::basic_ostream<_CharT, _Traits>::__ostream_type = std::basic_ostream<char>]
       operator<<(double __f)
       ^
/usr/include/c++/4.9.1/ostream:220:7: note:   no known conversion for argument 1 from ‘std::vector<double>’ to ‘double’
/usr/include/c++/4.9.1/ostream:224:7: note: std::basic_ostream<_CharT, _Traits>::__ostream_type& std::basic_ostream<_CharT, _Traits>::operator<<(float) [with _CharT = char; _Traits = std::char_traits<char>; std::basic_ostream<_CharT, _Traits>::__ostream_type = std::basic_ostream<char>]
       operator<<(float __f)
       ^
/usr/include/c++/4.9.1/ostream:224:7: note:   no known conversion for argument 1 from ‘std::vector<double>’ to ‘float’
/usr/include/c++/4.9.1/ostream:232:7: note: std::basic_ostream<_CharT, _Traits>::__ostream_type& std::basic_ostream<_CharT, _Traits>::operator<<(long double) [with _CharT = char; _Traits = std::char_traits<char>; std::basic_ostream<_CharT, _Traits>::__ostream_type = std::basic_ostream<char>]
       operator<<(long double __f)
       ^
/usr/include/c++/4.9.1/ostream:232:7: note:   no known conversion for argument 1 from ‘std::vector<double>’ to ‘long double’
/usr/include/c++/4.9.1/ostream:245:7: note: std::basic_ostream<_CharT, _Traits>::__ostream_type& std::basic_ostream<_CharT, _Traits>::operator<<(const void*) [with _CharT = char; _Traits = std::char_traits<char>; std::basic_ostream<_CharT, _Traits>::__ostream_type = std::basic_ostream<char>]
       operator<<(const void* __p)
       ^
/usr/include/c++/4.9.1/ostream:245:7: note:   no known conversion for argument 1 from ‘std::vector<double>’ to ‘const void*’
In file included from /usr/include/c++/4.9.1/ostream:609:0,
                 from /usr/include/c++/4.9.1/iostream:39,
                 from main.cpp:1:
/usr/include/c++/4.9.1/bits/ostream.tcc:119:5: note: std::basic_ostream<_CharT, _Traits>& std::basic_ostream<_CharT, _Traits>::operator<<(std::basic_ostream<_CharT, _Traits>::__streambuf_type*) [with _CharT = char; _Traits = std::char_traits<char>; std::basic_ostream<_CharT, _Traits>::__streambuf_type = std::basic_streambuf<char>]
     basic_ostream<_CharT, _Traits>::
     ^
/usr/include/c++/4.9.1/bits/ostream.tcc:119:5: note:   no known conversion for argument 1 from ‘std::vector<double>’ to ‘std::basic_ostream<char>::__streambuf_type* {aka std::basic_streambuf<char>*}’
In file included from /usr/include/opencv2/core/core.hpp:4855:0,
                 from /usr/include/opencv/cv.h:64,
                 from main.cpp:2:
/usr/include/opencv2/core/operations.hpp:1109:33: note: template<class _Tp, class _T2, int m, int n> cv::MatxCommaInitializer<_Tp, m, n> cv::operator<<(const cv::Matx<_Tp, n, nm>&, _T2)
 MatxCommaInitializer<_Tp, m, n> operator << (const Matx<_Tp, m, n>& mtx, _T2 val)
                                 ^
/usr/include/opencv2/core/operations.hpp:1109:33: note:   template argument deduction/substitution failed:
main.cpp:28:13: note:   ‘std::ostream {aka std::basic_ostream<char>}’ is not derived from ‘const cv::Matx<_Tp, n, nm>’
     cout << coords << endl;
             ^
In file included from /usr/include/opencv2/core/core.hpp:4855:0,
                 from /usr/include/opencv/cv.h:64,
                 from main.cpp:2:
/usr/include/opencv2/core/operations.hpp:1477:30: note: template<class _Tp, class _T2, int cn> cv::VecCommaInitializer<_Tp, cn> cv::operator<<(const cv::Vec<_Tp, n>&, _T2)
 VecCommaInitializer<_Tp, cn> operator << (const Vec<_Tp, cn>& vec, _T2 val)
                              ^
/usr/include/opencv2/core/operations.hpp:1477:30: note:   template argument deduction/substitution failed:
main.cpp:28:13: note:   ‘std::ostream {aka std::basic_ostream<char>}’ is not derived from ‘const cv::Vec<_Tp, n>’
     cout << coords << endl;
             ^
In file included from /usr/include/opencv2/core/core.hpp:4855:0,
                 from /usr/include/opencv/cv.h:64,
                 from main.cpp:2:
/usr/include/opencv2/core/operations.hpp:2905:51: note: template<class _Tp> cv::FileStorage& cv::operator<<(cv::FileStorage&, const _Tp&)
 template<typename _Tp> static inline FileStorage& operator << (FileStorage& fs, const _Tp& value)
                                                   ^
/usr/include/opencv2/core/operations.hpp:2905:51: note:   template argument deduction/substitution failed:
main.cpp:28:13: note:   cannot convert ‘std::cout’ (type ‘std::ostream {aka std::basic_ostream<char>}’) to type ‘cv::FileStorage&’
     cout << coords << endl;
             ^
In file included from /usr/include/opencv2/core/core.hpp:4855:0,
                 from /usr/include/opencv/cv.h:64,
                 from main.cpp:2:
/usr/include/opencv2/core/operations.hpp:2917:25: note: cv::FileStorage& cv::operator<<(cv::FileStorage&, const string&)
 CV_EXPORTS FileStorage& operator << (FileStorage& fs, const string& str);
                         ^
/usr/include/opencv2/core/operations.hpp:2917:25: note:   no known conversion for argument 1 from ‘std::ostream {aka std::basic_ostream<char>}’ to ‘cv::FileStorage&’
/usr/include/opencv2/core/operations.hpp:2919:28: note: cv::FileStorage& cv::operator<<(cv::FileStorage&, const char*)
 static inline FileStorage& operator << (FileStorage& fs, const char* str)
                            ^
/usr/include/opencv2/core/operations.hpp:2919:28: note:   no known conversion for argument 1 from ‘std::ostream {aka std::basic_ostream<char>}’ to ‘cv::FileStorage&’
/usr/include/opencv2/core/operations.hpp:2922:28: note: cv::FileStorage& cv::operator<<(cv::FileStorage&, char*)
 static inline FileStorage& operator << (FileStorage& fs, char* value)
                            ^
/usr/include/opencv2/core/operations.hpp:2922:28: note:   no known conversion for argument 1 from ‘std::ostream {aka std::basic_ostream<char>}’ to ‘cv::FileStorage&’
/usr/include/opencv2/core/operations.hpp:3869:29: note: std::ostream& cv::operator<<(std::ostream&, const cv::Mat&)
 static inline std::ostream& operator << (std::ostream& out, const Mat& mtx)
                             ^
/usr/include/opencv2/core/operations.hpp:3869:29: note:   no known conversion for argument 2 from ‘std::vector<double>’ to ‘const cv::Mat&’
/usr/include/opencv2/core/operations.hpp:3882:29: note: std::ostream& cv::operator<<(std::ostream&, const cv::Formatted&)
 static inline std::ostream& operator << (std::ostream& out, const Formatted& fmtd)
                             ^
/usr/include/opencv2/core/operations.hpp:3882:29: note:   no known conversion for argument 2 from ‘std::vector<double>’ to ‘const cv::Formatted&’
/usr/include/opencv2/core/operations.hpp:3889:52: note: template<class _Tp> std::ostream& cv::operator<<(std::ostream&, const std::vector<cv::Point_<_Tp> >&)
 template<typename _Tp> static inline std::ostream& operator << (std::ostream& out,
                                                    ^
/usr/include/opencv2/core/operations.hpp:3889:52: note:   template argument deduction/substitution failed:
main.cpp:28:13: note:   mismatched types ‘cv::Point_<_Tp>’ and ‘double’
     cout << coords << endl;
             ^
main.cpp:28:13: note:   ‘std::vector<double>’ is not derived from ‘const std::vector<cv::Point_<_Tp> >’
In file included from /usr/include/opencv2/core/core.hpp:4855:0,
                 from /usr/include/opencv/cv.h:64,
                 from main.cpp:2:
/usr/include/opencv2/core/operations.hpp:3897:52: note: template<class _Tp> std::ostream& cv::operator<<(std::ostream&, const std::vector<cv::Point3_<_Tp> >&)
 template<typename _Tp> static inline std::ostream& operator << (std::ostream& out,
                                                    ^
/usr/include/opencv2/core/operations.hpp:3897:52: note:   template argument deduction/substitution failed:
main.cpp:28:13: note:   mismatched types ‘cv::Point3_<_Tp>’ and ‘double’
     cout << coords << endl;
             ^
main.cpp:28:13: note:   ‘std::vector<double>’ is not derived from ‘const std::vector<cv::Point3_<_Tp> >’
In file included from /usr/include/opencv2/core/core.hpp:4855:0,
                 from /usr/include/opencv/cv.h:64,
                 from main.cpp:2:
/usr/include/opencv2/core/operations.hpp:3907:59: note: template<class _Tp, int m, int n> std::ostream& cv::operator<<(std::ostream&, const cv::Matx<_Tp, m, n>&)
 template<typename _Tp, int m, int n> inline std::ostream& operator<<(std::ostream& out, const Matx<_Tp, m, n>& matx)
                                                           ^
/usr/include/opencv2/core/operations.hpp:3907:59: note:   template argument deduction/substitution failed:
main.cpp:28:13: note:   ‘std::vector<double>’ is not derived from ‘const cv::Matx<_Tp, m, n>’
     cout << coords << endl;
             ^
In file included from /usr/include/opencv2/core/core.hpp:4855:0,
                 from /usr/include/opencv/cv.h:64,
                 from main.cpp:2:
/usr/include/opencv2/core/operations.hpp:3915:45: note: template<class _Tp> std::ostream& cv::operator<<(std::ostream&, const cv::Point_<_Tp>&)
 template<typename _Tp> inline std::ostream& operator<<(std::ostream& out, const Point_<_Tp>& p)
                                             ^
/usr/include/opencv2/core/operations.hpp:3915:45: note:   template argument deduction/substitution failed:
main.cpp:28:13: note:   ‘std::vector<double>’ is not derived from ‘const cv::Point_<_Tp>’
     cout << coords << endl;
             ^
In file included from /usr/include/opencv2/core/core.hpp:4855:0,
                 from /usr/include/opencv/cv.h:64,
                 from main.cpp:2:
/usr/include/opencv2/core/operations.hpp:3923:45: note: template<class _Tp> std::ostream& cv::operator<<(std::ostream&, const cv::Point3_<_Tp>&)
 template<typename _Tp> inline std::ostream& operator<<(std::ostream& out, const Point3_<_Tp>& p)
                                             ^
/usr/include/opencv2/core/operations.hpp:3923:45: note:   template argument deduction/substitution failed:
main.cpp:28:13: note:   ‘std::vector<double>’ is not derived from ‘const cv::Point3_<_Tp>’
     cout << coords << endl;
             ^
In file included from /usr/include/opencv2/core/core.hpp:4855:0,
                 from /usr/include/opencv/cv.h:64,
                 from main.cpp:2:
/usr/include/opencv2/core/operations.hpp:3931:52: note: template<class _Tp, int n> std::ostream& cv::operator<<(std::ostream&, const cv::Vec<_Tp, m>&)
 template<typename _Tp, int n> inline std::ostream& operator<<(std::ostream& out, const Vec<_Tp, n>& vec)
                                                    ^
/usr/include/opencv2/core/operations.hpp:3931:52: note:   template argument deduction/substitution failed:
main.cpp:28:13: note:   ‘std::vector<double>’ is not derived from ‘const cv::Vec<_Tp, m>’
     cout << coords << endl;
             ^
In file included from /usr/include/opencv2/core/core.hpp:4855:0,
                 from /usr/include/opencv/cv.h:64,
                 from main.cpp:2:
/usr/include/opencv2/core/operations.hpp:3955:45: note: template<class _Tp> std::ostream& cv::operator<<(std::ostream&, const cv::Size_<_Tp>&)
 template<typename _Tp> inline std::ostream& operator<<(std::ostream& out, const Size_<_Tp>& size)
                                             ^
/usr/include/opencv2/core/operations.hpp:3955:45: note:   template argument deduction/substitution failed:
main.cpp:28:13: note:   ‘std::vector<double>’ is not derived from ‘const cv::Size_<_Tp>’
     cout << coords << endl;
             ^
In file included from /usr/include/opencv2/core/core.hpp:4855:0,
                 from /usr/include/opencv/cv.h:64,
                 from main.cpp:2:
/usr/include/opencv2/core/operations.hpp:3963:45: note: template<class _Tp> std::ostream& cv::operator<<(std::ostream&, const cv::Rect_<_Tp>&)
 template<typename _Tp> inline std::ostream& operator<<(std::ostream& out, const Rect_<_Tp>& rect)
                                             ^
/usr/include/opencv2/core/operations.hpp:3963:45: note:   template argument deduction/substitution failed:
main.cpp:28:13: note:   ‘std::vector<double>’ is not derived from ‘const cv::Rect_<_Tp>’
     cout << coords << endl;
             ^
In file included from /usr/include/opencv2/core/core.hpp:4856:0,
                 from /usr/include/opencv/cv.h:64,
                 from main.cpp:2:
/usr/include/opencv2/core/mat.hpp:2075:1: note: template<class _Tp, class T2> cv::MatCommaInitializer_<_Tp> cv::operator<<(const cv::Mat_<_Tp>&, T2)
 operator << (const Mat_<_Tp>& m, T2 val)
 ^
/usr/include/opencv2/core/mat.hpp:2075:1: note:   template argument deduction/substitution failed:
main.cpp:28:13: note:   ‘std::ostream {aka std::basic_ostream<char>}’ is not derived from ‘const cv::Mat_<_Tp>’
     cout << coords << endl;
             ^
In file included from /usr/include/opencv2/flann/lsh_table.h:40:0,
                 from /usr/include/opencv2/flann/lsh_index.h:49,
                 from /usr/include/opencv2/flann/all_indices.h:42,
                 from /usr/include/opencv2/flann/flann_base.hpp:44,
                 from /usr/include/opencv2/flann/flann.hpp:50,
                 from /usr/include/opencv/cv.h:69,
                 from main.cpp:2:
/usr/include/c++/4.9.1/iomanip:238:5: note: template<class _CharT, class _Traits> std::basic_ostream<_CharT, _Traits>& std::operator<<(std::basic_ostream<_CharT, _Traits>&, std::_Setw)
     operator<<(basic_ostream<_CharT, _Traits>& __os, _Setw __f)
     ^
/usr/include/c++/4.9.1/iomanip:238:5: note:   template argument deduction/substitution failed:
main.cpp:28:13: note:   cannot convert ‘coords’ (type ‘std::vector<double>’) to type ‘std::_Setw’
     cout << coords << endl;
             ^
In file included from /usr/include/opencv2/flann/lsh_table.h:40:0,
                 from /usr/include/opencv2/flann/lsh_index.h:49,
                 from /usr/include/opencv2/flann/all_indices.h:42,
                 from /usr/include/opencv2/flann/flann_base.hpp:44,
                 from /usr/include/opencv2/flann/flann.hpp:50,
                 from /usr/include/opencv/cv.h:69,
                 from main.cpp:2:
/usr/include/c++/4.9.1/iomanip:208:5: note: template<class _CharT, class _Traits> std::basic_ostream<_CharT, _Traits>& std::operator<<(std::basic_ostream<_CharT, _Traits>&, std::_Setprecision)
     operator<<(basic_ostream<_CharT, _Traits>& __os, _Setprecision __f)
     ^
/usr/include/c++/4.9.1/iomanip:208:5: note:   template argument deduction/substitution failed:
main.cpp:28:13: note:   cannot convert ‘coords’ (type ‘std::vector<double>’) to type ‘std::_Setprecision’
     cout << coords << endl;
             ^
In file included from /usr/include/opencv2/flann/lsh_table.h:40:0,
                 from /usr/include/opencv2/flann/lsh_index.h:49,
                 from /usr/include/opencv2/flann/all_indices.h:42,
                 from /usr/include/opencv2/flann/flann_base.hpp:44,
                 from /usr/include/opencv2/flann/flann.hpp:50,
                 from /usr/include/opencv/cv.h:69,
                 from main.cpp:2:
/usr/include/c++/4.9.1/iomanip:178:5: note: template<class _CharT, class _Traits> std::basic_ostream<_CharT, _Traits>& std::operator<<(std::basic_ostream<_CharT, _Traits>&, std::_Setfill<_CharT>)
     operator<<(basic_ostream<_CharT, _Traits>& __os, _Setfill<_CharT> __f)
     ^
/usr/include/c++/4.9.1/iomanip:178:5: note:   template argument deduction/substitution failed:
main.cpp:28:13: note:   ‘std::vector<double>’ is not derived from ‘std::_Setfill<_CharT>’
     cout << coords << endl;
             ^
In file included from /usr/include/opencv2/flann/lsh_table.h:40:0,
                 from /usr/include/opencv2/flann/lsh_index.h:49,
                 from /usr/include/opencv2/flann/all_indices.h:42,
                 from /usr/include/opencv2/flann/flann_base.hpp:44,
                 from /usr/include/opencv2/flann/flann.hpp:50,
                 from /usr/include/opencv/cv.h:69,
                 from main.cpp:2:
/usr/include/c++/4.9.1/iomanip:143:5: note: template<class _CharT, class _Traits> std::basic_ostream<_CharT, _Traits>& std::operator<<(std::basic_ostream<_CharT, _Traits>&, std::_Setbase)
     operator<<(basic_ostream<_CharT, _Traits>& __os, _Setbase __f)
     ^
/usr/include/c++/4.9.1/iomanip:143:5: note:   template argument deduction/substitution failed:
main.cpp:28:13: note:   cannot convert ‘coords’ (type ‘std::vector<double>’) to type ‘std::_Setbase’
     cout << coords << endl;
             ^
In file included from /usr/include/opencv2/flann/lsh_table.h:40:0,
                 from /usr/include/opencv2/flann/lsh_index.h:49,
                 from /usr/include/opencv2/flann/all_indices.h:42,
                 from /usr/include/opencv2/flann/flann_base.hpp:44,
                 from /usr/include/opencv2/flann/flann.hpp:50,
                 from /usr/include/opencv/cv.h:69,
                 from main.cpp:2:
/usr/include/c++/4.9.1/iomanip:109:5: note: template<class _CharT, class _Traits> std::basic_ostream<_CharT, _Traits>& std::operator<<(std::basic_ostream<_CharT, _Traits>&, std::_Setiosflags)
     operator<<(basic_ostream<_CharT, _Traits>& __os, _Setiosflags __f)
     ^
/usr/include/c++/4.9.1/iomanip:109:5: note:   template argument deduction/substitution failed:
main.cpp:28:13: note:   cannot convert ‘coords’ (type ‘std::vector<double>’) to type ‘std::_Setiosflags’
     cout << coords << endl;
             ^
In file included from /usr/include/opencv2/flann/lsh_table.h:40:0,
                 from /usr/include/opencv2/flann/lsh_index.h:49,
                 from /usr/include/opencv2/flann/all_indices.h:42,
                 from /usr/include/opencv2/flann/flann_base.hpp:44,
                 from /usr/include/opencv2/flann/flann.hpp:50,
                 from /usr/include/opencv/cv.h:69,
                 from main.cpp:2:
/usr/include/c++/4.9.1/iomanip:79:5: note: template<class _CharT, class _Traits> std::basic_ostream<_CharT, _Traits>& std::operator<<(std::basic_ostream<_CharT, _Traits>&, std::_Resetiosflags)
     operator<<(basic_ostream<_CharT, _Traits>& __os, _Resetiosflags __f)
     ^
/usr/include/c++/4.9.1/iomanip:79:5: note:   template argument deduction/substitution failed:
main.cpp:28:13: note:   cannot convert ‘coords’ (type ‘std::vector<double>’) to type ‘std::_Resetiosflags’
     cout << coords << endl;
             ^
In file included from /usr/include/opencv2/core/core.hpp:59:0,
                 from /usr/include/opencv/cv.h:64,
                 from main.cpp:2:
/usr/include/c++/4.9.1/complex:521:5: note: template<class _Tp, class _CharT, class _Traits> std::basic_ostream<_CharT, _Traits>& std::operator<<(std::basic_ostream<_CharT, _Traits>&, const std::complex<_Tp>&)
     operator<<(basic_ostream<_CharT, _Traits>& __os, const complex<_Tp>& __x)
     ^
/usr/include/c++/4.9.1/complex:521:5: note:   template argument deduction/substitution failed:
main.cpp:28:13: note:   ‘std::vector<double>’ is not derived from ‘const std::complex<_Tp>’
     cout << coords << endl;
             ^
In file included from /usr/include/c++/4.9.1/iostream:39:0,
                 from main.cpp:1:
/usr/include/c++/4.9.1/ostream:548:5: note: template<class _Traits> std::basic_ostream<char, _Traits>& std::operator<<(std::basic_ostream<char, _Traits>&, const unsigned char*)
     operator<<(basic_ostream<char, _Traits>& __out, const unsigned char* __s)
     ^
/usr/include/c++/4.9.1/ostream:548:5: note:   template argument deduction/substitution failed:
main.cpp:28:13: note:   cannot convert ‘coords’ (type ‘std::vector<double>’) to type ‘const unsigned char*’
     cout << coords << endl;
             ^
In file included from /usr/include/c++/4.9.1/iostream:39:0,
                 from main.cpp:1:
/usr/include/c++/4.9.1/ostream:543:5: note: template<class _Traits> std::basic_ostream<char, _Traits>& std::operator<<(std::basic_ostream<char, _Traits>&, const signed char*)
     operator<<(basic_ostream<char, _Traits>& __out, const signed char* __s)
     ^
/usr/include/c++/4.9.1/ostream:543:5: note:   template argument deduction/substitution failed:
main.cpp:28:13: note:   cannot convert ‘coords’ (type ‘std::vector<double>’) to type ‘const signed char*’
     cout << coords << endl;
             ^
In file included from /usr/include/c++/4.9.1/iostream:39:0,
                 from main.cpp:1:
/usr/include/c++/4.9.1/ostream:530:5: note: template<class _Traits> std::basic_ostream<char, _Traits>& std::operator<<(std::basic_ostream<char, _Traits>&, const char*)
     operator<<(basic_ostream<char, _Traits>& __out, const char* __s)
     ^
/usr/include/c++/4.9.1/ostream:530:5: note:   template argument deduction/substitution failed:
main.cpp:28:13: note:   cannot convert ‘coords’ (type ‘std::vector<double>’) to type ‘const char*’
     cout << coords << endl;
             ^
Makefile:12: recipe for target 'main.o' failed
In file included from /usr/include/c++/4.9.1/ostream:609:0,
                 from /usr/include/c++/4.9.1/iostream:39,
                 from main.cpp:1:
/usr/include/c++/4.9.1/bits/ostream.tcc:321:5: note: template<class _CharT, class _Traits> std::basic_ostream<_CharT, _Traits>& std::operator<<(std::basic_ostream<_CharT, _Traits>&, const char*)
     operator<<(basic_ostream<_CharT, _Traits>& __out, const char* __s)
     ^
/usr/include/c++/4.9.1/bits/ostream.tcc:321:5: note:   template argument deduction/substitution failed:
main.cpp:28:13: note:   cannot convert ‘coords’ (type ‘std::vector<double>’) to type ‘const char*’
     cout << coords << endl;
             ^
In file included from /usr/include/c++/4.9.1/iostream:39:0,
                 from main.cpp:1:
/usr/include/c++/4.9.1/ostream:513:5: note: template<class _CharT, class _Traits> std::basic_ostream<_CharT, _Traits>& std::operator<<(std::basic_ostream<_CharT, _Traits>&, const _CharT*)
     operator<<(basic_ostream<_CharT, _Traits>& __out, const _CharT* __s)
     ^
/usr/include/c++/4.9.1/ostream:513:5: note:   template argument deduction/substitution failed:
main.cpp:28:13: note:   mismatched types ‘const _CharT*’ and ‘std::vector<double>’
     cout << coords << endl;
             ^
In file included from /usr/include/c++/4.9.1/iostream:39:0,
                 from main.cpp:1:
/usr/include/c++/4.9.1/ostream:493:5: note: template<class _Traits> std::basic_ostream<char, _Traits>& std::operator<<(std::basic_ostream<char, _Traits>&, unsigned char)
     operator<<(basic_ostream<char, _Traits>& __out, unsigned char __c)
     ^
/usr/include/c++/4.9.1/ostream:493:5: note:   template argument deduction/substitution failed:
main.cpp:28:13: note:   cannot convert ‘coords’ (type ‘std::vector<double>’) to type ‘unsigned char’
     cout << coords << endl;
             ^
In file included from /usr/include/c++/4.9.1/iostream:39:0,
                 from main.cpp:1:
/usr/include/c++/4.9.1/ostream:488:5: note: template<class _Traits> std::basic_ostream<char, _Traits>& std::operator<<(std::basic_ostream<char, _Traits>&, signed char)
     operator<<(basic_ostream<char, _Traits>& __out, signed char __c)
     ^
/usr/include/c++/4.9.1/ostream:488:5: note:   template argument deduction/substitution failed:
main.cpp:28:13: note:   cannot convert ‘coords’ (type ‘std::vector<double>’) to type ‘signed char’
     cout << coords << endl;
             ^
In file included from /usr/include/c++/4.9.1/iostream:39:0,
                 from main.cpp:1:
/usr/include/c++/4.9.1/ostream:482:5: note: template<class _Traits> std::basic_ostream<char, _Traits>& std::operator<<(std::basic_ostream<char, _Traits>&, char)
     operator<<(basic_ostream<char, _Traits>& __out, char __c)
     ^
/usr/include/c++/4.9.1/ostream:482:5: note:   template argument deduction/substitution failed:
main.cpp:28:13: note:   cannot convert ‘coords’ (type ‘std::vector<double>’) to type ‘char’
     cout << coords << endl;
             ^
In file included from /usr/include/c++/4.9.1/iostream:39:0,
                 from main.cpp:1:
/usr/include/c++/4.9.1/ostream:476:5: note: template<class _CharT, class _Traits> std::basic_ostream<_CharT, _Traits>& std::operator<<(std::basic_ostream<_CharT, _Traits>&, char)
     operator<<(basic_ostream<_CharT, _Traits>& __out, char __c)
     ^
/usr/include/c++/4.9.1/ostream:476:5: note:   template argument deduction/substitution failed:
main.cpp:28:13: note:   cannot convert ‘coords’ (type ‘std::vector<double>’) to type ‘char’
     cout << coords << endl;
             ^
In file included from /usr/include/c++/4.9.1/iostream:39:0,
                 from main.cpp:1:
/usr/include/c++/4.9.1/ostream:471:5: note: template<class _CharT, class _Traits> std::basic_ostream<_CharT, _Traits>& std::operator<<(std::basic_ostream<_CharT, _Traits>&, _CharT)
     operator<<(basic_ostream<_CharT, _Traits>& __out, _CharT __c)
     ^
/usr/include/c++/4.9.1/ostream:471:5: note:   template argument deduction/substitution failed:
main.cpp:28:13: note:   deduced conflicting types for parameter ‘_CharT’ (‘char’ and ‘std::vector<double>’)
     cout << coords << endl;
             ^
In file included from /usr/include/c++/4.9.1/string:52:0,
                 from /usr/include/c++/4.9.1/bits/locale_classes.h:40,
                 from /usr/include/c++/4.9.1/bits/ios_base.h:41,
                 from /usr/include/c++/4.9.1/ios:42,
                 from /usr/include/c++/4.9.1/ostream:38,
                 from /usr/include/c++/4.9.1/iostream:39,
                 from main.cpp:1:
/usr/include/c++/4.9.1/bits/basic_string.h:2772:5: note: template<class _CharT, class _Traits, class _Alloc> std::basic_ostream<_CharT, _Traits>& std::operator<<(std::basic_ostream<_CharT, _Traits>&, const std::basic_string<_CharT, _Traits, _Alloc>&)
     operator<<(basic_ostream<_CharT, _Traits>& __os,
     ^
/usr/include/c++/4.9.1/bits/basic_string.h:2772:5: note:   template argument deduction/substitution failed:
main.cpp:28:13: note:   ‘std::vector<double>’ is not derived from ‘const std::basic_string<_CharT, _Traits, _Alloc>’
     cout << coords << endl;
             ^
make: *** [main.o] Error 1
12:30:11 **** Incremental Build of configuration Default for project robot ****
make all 
g++ -I/usr/include/opencv  -g -c main.cpp
g++ -I/usr/include/opencv  -g -c control_and_input.cpp
g++ main.o multi_motor.o dynamixel.o dxl_hal.o ikine.o fkine.o control_and_input.o -o main 
12:32:18 **** Incremental Build of configuration Default for project robot ****
make all 
g++ -I/usr/include/opencv  -g -c main.cpp
g++ main.o multi_motor.o dynamixel.o dxl_hal.o ikine.o fkine.o control_and_input.o -o main 
12:34:19 **** Incremental Build of configuration Default for project robot ****
make all 
g++ -I/usr/include/opencv  -g -c main.cpp
g++ main.o multi_motor.o dynamixel.o dxl_hal.o ikine.o fkine.o control_and_input.o -o main 
12:36:24 **** Incremental Build of configuration Default for project robot ****
make all 
make: Nothing to be done for 'all'.
12:37:14 **** Incremental Build of configuration Default for project robot ****
make all 
g++ -I/usr/include/opencv  -g -c main.cpp
g++ main.o multi_motor.o dynamixel.o dxl_hal.o ikine.o fkine.o control_and_input.o -o main 
12:40:29 **** Incremental Build of configuration Default for project robot ****
make all 
g++ -c ikine.cpp
g++ main.o multi_motor.o dynamixel.o dxl_hal.o ikine.o fkine.o control_and_input.o -o main 
12:48:47 **** Incremental Build of configuration Default for project robot ****
make all 
g++ -I/usr/include/opencv  -g -c main.cpp
g++ -c multi_motor.cpp
g++ -c dynamixel.c
g++ -c dxl_hal.c
g++ -c ikine.cpp
g++ -I/usr/include/opencv  -g -c fkine.cpp
g++ -I/usr/include/opencv  -g -c control_and_input.cpp
g++ main.o multi_motor.o dynamixel.o dxl_hal.o ikine.o fkine.o control_and_input.o -o main 
12:48:59 **** Incremental Build of configuration Default for project robot ****
make all 
g++ -I/usr/include/opencv  -g -c main.cpp
g++ -c multi_motor.cpp
g++ -c dynamixel.c
g++ -c dxl_hal.c
g++ -c ikine.cpp
g++ -I/usr/include/opencv  -g -c fkine.cpp
g++ -I/usr/include/opencv  -g -c control_and_input.cpp
g++ main.o multi_motor.o dynamixel.o dxl_hal.o ikine.o fkine.o control_and_input.o -o main 
12:51:15 **** Incremental Build of configuration Default for project robot ****
make all 
g++ -I/usr/include/opencv  -g -c main.cpp
g++ main.o multi_motor.o dynamixel.o dxl_hal.o ikine.o fkine.o control_and_input.o -o main 
12:55:58 **** Incremental Build of configuration Default for project robot ****
make all 
g++ -I/usr/include/opencv  -g -c main.cpp
g++ main.o multi_motor.o dynamixel.o dxl_hal.o ikine.o fkine.o control_and_input.o -o main 
13:02:35 **** Incremental Build of configuration Default for project robot ****
make all 
g++ -I/usr/include/opencv  -g -c main.cpp
g++ main.o multi_motor.o dynamixel.o dxl_hal.o ikine.o fkine.o control_and_input.o -o main 
13:04:07 **** Incremental Build of configuration Default for project robot ****
make all 
g++ -I/usr/include/opencv  -g -c main.cpp
g++ main.o multi_motor.o dynamixel.o dxl_hal.o ikine.o fkine.o control_and_input.o -o main 
13:09:11 **** Incremental Build of configuration Default for project robot ****
make all 
g++ -c ikine.cpp
g++ main.o multi_motor.o dynamixel.o dxl_hal.o ikine.o fkine.o control_and_input.o -o main 
13:16:22 **** Incremental Build of configuration Default for project robot ****
make all 
g++ -I/usr/include/opencv  -g -c main.cpp
g++ main.o multi_motor.o dynamixel.o dxl_hal.o ikine.o fkine.o control_and_input.o -o main 
13:17:50 **** Incremental Build of configuration Default for project robot ****
make all 
g++ -I/usr/include/opencv  -g -c main.cpp
g++ main.o multi_motor.o dynamixel.o dxl_hal.o ikine.o fkine.o control_and_input.o -o main 
13:18:11 **** Incremental Build of configuration Default for project robot ****
make all 
g++ -I/usr/include/opencv  -g -c main.cpp
g++ main.o multi_motor.o dynamixel.o dxl_hal.o ikine.o fkine.o control_and_input.o -o main 
13:18:43 **** Incremental Build of configuration Default for project robot ****
make all 
g++ -I/usr/include/opencv  -g -c main.cpp
g++ main.o multi_motor.o dynamixel.o dxl_hal.o ikine.o fkine.o control_and_input.o -o main 
13:19:10 **** Incremental Build of configuration Default for project robot ****
make all 
g++ -I/usr/include/opencv  -g -c main.cpp
g++ main.o multi_motor.o dynamixel.o dxl_hal.o ikine.o fkine.o control_and_input.o -o main 
13:20:06 **** Incremental Build of configuration Default for project robot ****
make all 
g++ -I/usr/include/opencv  -g -c main.cpp
g++ main.o multi_motor.o dynamixel.o dxl_hal.o ikine.o fkine.o control_and_input.o -o main 
13:20:40 **** Incremental Build of configuration Default for project robot ****
make all 
g++ -I/usr/include/opencv  -g -c main.cpp
g++ main.o multi_motor.o dynamixel.o dxl_hal.o ikine.o fkine.o control_and_input.o -o main 
13:24:45 **** Incremental Build of configuration Default for project robot ****
make all 
g++ -I/usr/include/opencv  -g -c main.cpp
g++ main.o multi_motor.o dynamixel.o dxl_hal.o ikine.o fkine.o control_and_input.o -o main 
13:25:16 **** Incremental Build of configuration Default for project robot ****
make all 
g++ -I/usr/include/opencv  -g -c main.cpp
main.cpp: In function ‘int main(int, char**)’:
main.cpp:94:25: error: cannot convert ‘int (*)[4]’ to ‘std::vector<double>*’ for argument ‘1’ to ‘void print_values(std::vector<double>*)’
   print_values(&goal_pos);
                         ^
Makefile:12: recipe for target 'main.o' failed
make: *** [main.o] Error 1
13:26:17 **** Incremental Build of configuration Default for project robot ****
make all 
g++ -I/usr/include/opencv  -g -c main.cpp
main.cpp: In function ‘int main(int, char**)’:
main.cpp:93:23: error: ‘print_angles’ was not declared in this scope
   print_angles(&angles);
                       ^
Makefile:12: recipe for target 'main.o' failed
make: *** [main.o] Error 1
13:26:43 **** Incremental Build of configuration Default for project robot ****
make all 
g++ -I/usr/include/opencv  -g -c main.cpp
main.cpp: In function ‘int main(int, char**)’:
main.cpp:94:24: error: no matching function for call to ‘print_angle(int (*)[4])’
   print_angle(&goal_pos);
                        ^
main.cpp:94:24: note: candidates are:
In file included from main.cpp:7:0:
fkine.h:15:6: note: void print_angle(std::vector<int>*)
 void print_angle(vector<int> *fkine_vector);
      ^
fkine.h:15:6: note:   no known conversion for argument 1 from ‘int (*)[4]’ to ‘std::vector<int>*’
fkine.h:16:6: note: void print_angle(std::vector<double>*)
 void print_angle(vector<double> *fkine_vector);
      ^
fkine.h:16:6: note:   no known conversion for argument 1 from ‘int (*)[4]’ to ‘std::vector<double>*’
make: *** [main.o] Error 1
Makefile:12: recipe for target 'main.o' failed
13:28:11 **** Incremental Build of configuration Default for project robot ****
make all 
g++ -I/usr/include/opencv  -g -c main.cpp
main.cpp: In function ‘int main(int, char**)’:
main.cpp:55:47: error: no matching function for call to ‘CMulti_DNMX_Motor::move_to_goal_pos(int [4], int [4])’
     Motors.move_to_goal_pos(goal_pos, curr_pos);
                                               ^
main.cpp:55:47: note: candidate is:
In file included from main.cpp:5:0:
multi_motor.h:79:10: note: void CMulti_DNMX_Motor::move_to_goal_pos(std::vector<int>*, int*)
     void move_to_goal_pos (vector<int> *GoalPos, int PresentPos[]);
          ^
multi_motor.h:79:10: note:   no known conversion for argument 1 from ‘int [4]’ to ‘std::vector<int>*’
main.cpp:94:24: error: no matching function for call to ‘print_angle(int (*)[4])’
   print_angle(&goal_pos);
                        ^
main.cpp:94:24: note: candidates are:
In file included from main.cpp:7:0:
fkine.h:15:6: note: void print_angle(std::vector<int>*)
 void print_angle(vector<int> *fkine_vector);
      ^
fkine.h:15:6: note:   no known conversion for argument 1 from ‘int (*)[4]’ to ‘std::vector<int>*’
fkine.h:16:6: note: void print_angle(std::vector<double>*)
 void print_angle(vector<double> *fkine_vector);
      ^
fkine.h:16:6: note:   no known conversion for argument 1 from ‘int (*)[4]’ to ‘std::vector<double>*’
main.cpp:96:47: error: no matching function for call to ‘CMulti_DNMX_Motor::move_to_goal_pos(int (*)[4], int [4])’
   Motors.move_to_goal_pos( &goal_pos, curr_pos);
                                               ^
main.cpp:96:47: note: candidate is:
In file included from main.cpp:5:0:
multi_motor.h:79:10: note: void CMulti_DNMX_Motor::move_to_goal_pos(std::vector<int>*, int*)
     void move_to_goal_pos (vector<int> *GoalPos, int PresentPos[]);
          ^
multi_motor.h:79:10: note:   no known conversion for argument 1 from ‘int (*)[4]’ to ‘std::vector<int>*’
Makefile:12: recipe for target 'main.o' failed
make: *** [main.o] Error 1
13:30:23 **** Incremental Build of configuration Default for project robot ****
make all 
g++ -I/usr/include/opencv  -g -c main.cpp
main.cpp: In function ‘int main(int, char**)’:
main.cpp:43:13: error: base operand of ‘->’ has non-pointer type ‘std::vector<int>’
     goal_pos->at(0)= 2096;
             ^
main.cpp:44:13: error: base operand of ‘->’ has non-pointer type ‘std::vector<int>’
     goal_pos->at(1) = 205;
             ^
main.cpp:45:13: error: base operand of ‘->’ has non-pointer type ‘std::vector<int>’
     goal_pos->at(2)= 650;
             ^
main.cpp:46:13: error: base operand of ‘->’ has non-pointer type ‘std::vector<int>’
     goal_pos->at(3) = a;
             ^
main.cpp:50:10: error: no match for ‘operator<<’ (operand types are ‘std::ostream {aka std::basic_ostream<char>}’ and ‘std::vector<int>’)
     cout << goal_pos << endl;
          ^
main.cpp:50:10: note: candidates are:
In file included from /usr/include/c++/4.9.1/iostream:39:0,
                 from main.cpp:1:
/usr/include/c++/4.9.1/ostream:108:7: note: std::basic_ostream<_CharT, _Traits>::__ostream_type& std::basic_ostream<_CharT, _Traits>::operator<<(std::basic_ostream<_CharT, _Traits>::__ostream_type& (*)(std::basic_ostream<_CharT, _Traits>::__ostream_type&)) [with _CharT = char; _Traits = std::char_traits<char>; std::basic_ostream<_CharT, _Traits>::__ostream_type = std::basic_ostream<char>]
       operator<<(__ostream_type& (*__pf)(__ostream_type&))
       ^
/usr/include/c++/4.9.1/ostream:108:7: note:   no known conversion for argument 1 from ‘std::vector<int>’ to ‘std::basic_ostream<char>::__ostream_type& (*)(std::basic_ostream<char>::__ostream_type&) {aka std::basic_ostream<char>& (*)(std::basic_ostream<char>&)}’
/usr/include/c++/4.9.1/ostream:117:7: note: std::basic_ostream<_CharT, _Traits>::__ostream_type& std::basic_ostream<_CharT, _Traits>::operator<<(std::basic_ostream<_CharT, _Traits>::__ios_type& (*)(std::basic_ostream<_CharT, _Traits>::__ios_type&)) [with _CharT = char; _Traits = std::char_traits<char>; std::basic_ostream<_CharT, _Traits>::__ostream_type = std::basic_ostream<char>; std::basic_ostream<_CharT, _Traits>::__ios_type = std::basic_ios<char>]
       operator<<(__ios_type& (*__pf)(__ios_type&))
       ^
/usr/include/c++/4.9.1/ostream:117:7: note:   no known conversion for argument 1 from ‘std::vector<int>’ to ‘std::basic_ostream<char>::__ios_type& (*)(std::basic_ostream<char>::__ios_type&) {aka std::basic_ios<char>& (*)(std::basic_ios<char>&)}’
/usr/include/c++/4.9.1/ostream:127:7: note: std::basic_ostream<_CharT, _Traits>::__ostream_type& std::basic_ostream<_CharT, _Traits>::operator<<(std::ios_base& (*)(std::ios_base&)) [with _CharT = char; _Traits = std::char_traits<char>; std::basic_ostream<_CharT, _Traits>::__ostream_type = std::basic_ostream<char>]
       operator<<(ios_base& (*__pf) (ios_base&))
       ^
/usr/include/c++/4.9.1/ostream:127:7: note:   no known conversion for argument 1 from ‘std::vector<int>’ to ‘std::ios_base& (*)(std::ios_base&)’
/usr/include/c++/4.9.1/ostream:166:7: note: std::basic_ostream<_CharT, _Traits>::__ostream_type& std::basic_ostream<_CharT, _Traits>::operator<<(long int) [with _CharT = char; _Traits = std::char_traits<char>; std::basic_ostream<_CharT, _Traits>::__ostream_type = std::basic_ostream<char>]
       operator<<(long __n)
       ^
/usr/include/c++/4.9.1/ostream:166:7: note:   no known conversion for argument 1 from ‘std::vector<int>’ to ‘long int’
/usr/include/c++/4.9.1/ostream:170:7: note: std::basic_ostream<_CharT, _Traits>::__ostream_type& std::basic_ostream<_CharT, _Traits>::operator<<(long unsigned int) [with _CharT = char; _Traits = std::char_traits<char>; std::basic_ostream<_CharT, _Traits>::__ostream_type = std::basic_ostream<char>]
       operator<<(unsigned long __n)
       ^
/usr/include/c++/4.9.1/ostream:170:7: note:   no known conversion for argument 1 from ‘std::vector<int>’ to ‘long unsigned int’
/usr/include/c++/4.9.1/ostream:174:7: note: std::basic_ostream<_CharT, _Traits>::__ostream_type& std::basic_ostream<_CharT, _Traits>::operator<<(bool) [with _CharT = char; _Traits = std::char_traits<char>; std::basic_ostream<_CharT, _Traits>::__ostream_type = std::basic_ostream<char>]
       operator<<(bool __n)
       ^
/usr/include/c++/4.9.1/ostream:174:7: note:   no known conversion for argument 1 from ‘std::vector<int>’ to ‘bool’
In file included from /usr/include/c++/4.9.1/ostream:609:0,
                 from /usr/include/c++/4.9.1/iostream:39,
                 from main.cpp:1:
/usr/include/c++/4.9.1/bits/ostream.tcc:91:5: note: std::basic_ostream<_CharT, _Traits>& std::basic_ostream<_CharT, _Traits>::operator<<(short int) [with _CharT = char; _Traits = std::char_traits<char>]
     basic_ostream<_CharT, _Traits>::
     ^
/usr/include/c++/4.9.1/bits/ostream.tcc:91:5: note:   no known conversion for argument 1 from ‘std::vector<int>’ to ‘short int’
In file included from /usr/include/c++/4.9.1/iostream:39:0,
                 from main.cpp:1:
/usr/include/c++/4.9.1/ostream:181:7: note: std::basic_ostream<_CharT, _Traits>::__ostream_type& std::basic_ostream<_CharT, _Traits>::operator<<(short unsigned int) [with _CharT = char; _Traits = std::char_traits<char>; std::basic_ostream<_CharT, _Traits>::__ostream_type = std::basic_ostream<char>]
       operator<<(unsigned short __n)
       ^
/usr/include/c++/4.9.1/ostream:181:7: note:   no known conversion for argument 1 from ‘std::vector<int>’ to ‘short unsigned int’
In file included from /usr/include/c++/4.9.1/ostream:609:0,
                 from /usr/include/c++/4.9.1/iostream:39,
                 from main.cpp:1:
/usr/include/c++/4.9.1/bits/ostream.tcc:105:5: note: std::basic_ostream<_CharT, _Traits>& std::basic_ostream<_CharT, _Traits>::operator<<(int) [with _CharT = char; _Traits = std::char_traits<char>]
     basic_ostream<_CharT, _Traits>::
     ^
/usr/include/c++/4.9.1/bits/ostream.tcc:105:5: note:   no known conversion for argument 1 from ‘std::vector<int>’ to ‘int’
In file included from /usr/include/c++/4.9.1/iostream:39:0,
                 from main.cpp:1:
/usr/include/c++/4.9.1/ostream:192:7: note: std::basic_ostream<_CharT, _Traits>::__ostream_type& std::basic_ostream<_CharT, _Traits>::operator<<(unsigned int) [with _CharT = char; _Traits = std::char_traits<char>; std::basic_ostream<_CharT, _Traits>::__ostream_type = std::basic_ostream<char>]
       operator<<(unsigned int __n)
       ^
/usr/include/c++/4.9.1/ostream:192:7: note:   no known conversion for argument 1 from ‘std::vector<int>’ to ‘unsigned int’
/usr/include/c++/4.9.1/ostream:201:7: note: std::basic_ostream<_CharT, _Traits>::__ostream_type& std::basic_ostream<_CharT, _Traits>::operator<<(long long int) [with _CharT = char; _Traits = std::char_traits<char>; std::basic_ostream<_CharT, _Traits>::__ostream_type = std::basic_ostream<char>]
       operator<<(long long __n)
       ^
/usr/include/c++/4.9.1/ostream:201:7: note:   no known conversion for argument 1 from ‘std::vector<int>’ to ‘long long int’
/usr/include/c++/4.9.1/ostream:205:7: note: std::basic_ostream<_CharT, _Traits>::__ostream_type& std::basic_ostream<_CharT, _Traits>::operator<<(long long unsigned int) [with _CharT = char; _Traits = std::char_traits<char>; std::basic_ostream<_CharT, _Traits>::__ostream_type = std::basic_ostream<char>]
       operator<<(unsigned long long __n)
       ^
/usr/include/c++/4.9.1/ostream:205:7: note:   no known conversion for argument 1 from ‘std::vector<int>’ to ‘long long unsigned int’
/usr/include/c++/4.9.1/ostream:220:7: note: std::basic_ostream<_CharT, _Traits>::__ostream_type& std::basic_ostream<_CharT, _Traits>::operator<<(double) [with _CharT = char; _Traits = std::char_traits<char>; std::basic_ostream<_CharT, _Traits>::__ostream_type = std::basic_ostream<char>]
       operator<<(double __f)
       ^
/usr/include/c++/4.9.1/ostream:220:7: note:   no known conversion for argument 1 from ‘std::vector<int>’ to ‘double’
/usr/include/c++/4.9.1/ostream:224:7: note: std::basic_ostream<_CharT, _Traits>::__ostream_type& std::basic_ostream<_CharT, _Traits>::operator<<(float) [with _CharT = char; _Traits = std::char_traits<char>; std::basic_ostream<_CharT, _Traits>::__ostream_type = std::basic_ostream<char>]
       operator<<(float __f)
       ^
/usr/include/c++/4.9.1/ostream:224:7: note:   no known conversion for argument 1 from ‘std::vector<int>’ to ‘float’
/usr/include/c++/4.9.1/ostream:232:7: note: std::basic_ostream<_CharT, _Traits>::__ostream_type& std::basic_ostream<_CharT, _Traits>::operator<<(long double) [with _CharT = char; _Traits = std::char_traits<char>; std::basic_ostream<_CharT, _Traits>::__ostream_type = std::basic_ostream<char>]
       operator<<(long double __f)
       ^
/usr/include/c++/4.9.1/ostream:232:7: note:   no known conversion for argument 1 from ‘std::vector<int>’ to ‘long double’
/usr/include/c++/4.9.1/ostream:245:7: note: std::basic_ostream<_CharT, _Traits>::__ostream_type& std::basic_ostream<_CharT, _Traits>::operator<<(const void*) [with _CharT = char; _Traits = std::char_traits<char>; std::basic_ostream<_CharT, _Traits>::__ostream_type = std::basic_ostream<char>]
       operator<<(const void* __p)
       ^
/usr/include/c++/4.9.1/ostream:245:7: note:   no known conversion for argument 1 from ‘std::vector<int>’ to ‘const void*’
In file included from /usr/include/c++/4.9.1/ostream:609:0,
                 from /usr/include/c++/4.9.1/iostream:39,
                 from main.cpp:1:
/usr/include/c++/4.9.1/bits/ostream.tcc:119:5: note: std::basic_ostream<_CharT, _Traits>& std::basic_ostream<_CharT, _Traits>::operator<<(std::basic_ostream<_CharT, _Traits>::__streambuf_type*) [with _CharT = char; _Traits = std::char_traits<char>; std::basic_ostream<_CharT, _Traits>::__streambuf_type = std::basic_streambuf<char>]
     basic_ostream<_CharT, _Traits>::
     ^
/usr/include/c++/4.9.1/bits/ostream.tcc:119:5: note:   no known conversion for argument 1 from ‘std::vector<int>’ to ‘std::basic_ostream<char>::__streambuf_type* {aka std::basic_streambuf<char>*}’
In file included from /usr/include/opencv2/core/core.hpp:4855:0,
                 from /usr/include/opencv/cv.h:64,
                 from main.cpp:2:
/usr/include/opencv2/core/operations.hpp:1109:33: note: template<class _Tp, class _T2, int m, int n> cv::MatxCommaInitializer<_Tp, m, n> cv::operator<<(const cv::Matx<_Tp, n, nm>&, _T2)
 MatxCommaInitializer<_Tp, m, n> operator << (const Matx<_Tp, m, n>& mtx, _T2 val)
                                 ^
/usr/include/opencv2/core/operations.hpp:1109:33: note:   template argument deduction/substitution failed:
main.cpp:50:13: note:   ‘std::ostream {aka std::basic_ostream<char>}’ is not derived from ‘const cv::Matx<_Tp, n, nm>’
     cout << goal_pos << endl;
             ^
In file included from /usr/include/opencv2/core/core.hpp:4855:0,
                 from /usr/include/opencv/cv.h:64,
                 from main.cpp:2:
/usr/include/opencv2/core/operations.hpp:1477:30: note: template<class _Tp, class _T2, int cn> cv::VecCommaInitializer<_Tp, cn> cv::operator<<(const cv::Vec<_Tp, n>&, _T2)
 VecCommaInitializer<_Tp, cn> operator << (const Vec<_Tp, cn>& vec, _T2 val)
                              ^
/usr/include/opencv2/core/operations.hpp:1477:30: note:   template argument deduction/substitution failed:
main.cpp:50:13: note:   ‘std::ostream {aka std::basic_ostream<char>}’ is not derived from ‘const cv::Vec<_Tp, n>’
     cout << goal_pos << endl;
             ^
In file included from /usr/include/opencv2/core/core.hpp:4855:0,
                 from /usr/include/opencv/cv.h:64,
                 from main.cpp:2:
/usr/include/opencv2/core/operations.hpp:2905:51: note: template<class _Tp> cv::FileStorage& cv::operator<<(cv::FileStorage&, const _Tp&)
 template<typename _Tp> static inline FileStorage& operator << (FileStorage& fs, const _Tp& value)
                                                   ^
/usr/include/opencv2/core/operations.hpp:2905:51: note:   template argument deduction/substitution failed:
main.cpp:50:13: note:   cannot convert ‘std::cout’ (type ‘std::ostream {aka std::basic_ostream<char>}’) to type ‘cv::FileStorage&’
     cout << goal_pos << endl;
             ^
In file included from /usr/include/opencv2/core/core.hpp:4855:0,
                 from /usr/include/opencv/cv.h:64,
                 from main.cpp:2:
/usr/include/opencv2/core/operations.hpp:2917:25: note: cv::FileStorage& cv::operator<<(cv::FileStorage&, const string&)
 CV_EXPORTS FileStorage& operator << (FileStorage& fs, const string& str);
                         ^
/usr/include/opencv2/core/operations.hpp:2917:25: note:   no known conversion for argument 1 from ‘std::ostream {aka std::basic_ostream<char>}’ to ‘cv::FileStorage&’
/usr/include/opencv2/core/operations.hpp:2919:28: note: cv::FileStorage& cv::operator<<(cv::FileStorage&, const char*)
 static inline FileStorage& operator << (FileStorage& fs, const char* str)
                            ^
/usr/include/opencv2/core/operations.hpp:2919:28: note:   no known conversion for argument 1 from ‘std::ostream {aka std::basic_ostream<char>}’ to ‘cv::FileStorage&’
/usr/include/opencv2/core/operations.hpp:2922:28: note: cv::FileStorage& cv::operator<<(cv::FileStorage&, char*)
 static inline FileStorage& operator << (FileStorage& fs, char* value)
                            ^
/usr/include/opencv2/core/operations.hpp:2922:28: note:   no known conversion for argument 1 from ‘std::ostream {aka std::basic_ostream<char>}’ to ‘cv::FileStorage&’
/usr/include/opencv2/core/operations.hpp:3869:29: note: std::ostream& cv::operator<<(std::ostream&, const cv::Mat&)
 static inline std::ostream& operator << (std::ostream& out, const Mat& mtx)
                             ^
/usr/include/opencv2/core/operations.hpp:3869:29: note:   no known conversion for argument 2 from ‘std::vector<int>’ to ‘const cv::Mat&’
/usr/include/opencv2/core/operations.hpp:3882:29: note: std::ostream& cv::operator<<(std::ostream&, const cv::Formatted&)
 static inline std::ostream& operator << (std::ostream& out, const Formatted& fmtd)
                             ^
/usr/include/opencv2/core/operations.hpp:3882:29: note:   no known conversion for argument 2 from ‘std::vector<int>’ to ‘const cv::Formatted&’
/usr/include/opencv2/core/operations.hpp:3889:52: note: template<class _Tp> std::ostream& cv::operator<<(std::ostream&, const std::vector<cv::Point_<_Tp> >&)
 template<typename _Tp> static inline std::ostream& operator << (std::ostream& out,
                                                    ^
/usr/include/opencv2/core/operations.hpp:3889:52: note:   template argument deduction/substitution failed:
main.cpp:50:13: note:   mismatched types ‘cv::Point_<_Tp>’ and ‘int’
     cout << goal_pos << endl;
             ^
main.cpp:50:13: note:   ‘std::vector<int>’ is not derived from ‘const std::vector<cv::Point_<_Tp> >’
In file included from /usr/include/opencv2/core/core.hpp:4855:0,
                 from /usr/include/opencv/cv.h:64,
                 from main.cpp:2:
/usr/include/opencv2/core/operations.hpp:3897:52: note: template<class _Tp> std::ostream& cv::operator<<(std::ostream&, const std::vector<cv::Point3_<_Tp> >&)
 template<typename _Tp> static inline std::ostream& operator << (std::ostream& out,
                                                    ^
/usr/include/opencv2/core/operations.hpp:3897:52: note:   template argument deduction/substitution failed:
main.cpp:50:13: note:   mismatched types ‘cv::Point3_<_Tp>’ and ‘int’
     cout << goal_pos << endl;
             ^
main.cpp:50:13: note:   ‘std::vector<int>’ is not derived from ‘const std::vector<cv::Point3_<_Tp> >’
In file included from /usr/include/opencv2/core/core.hpp:4855:0,
                 from /usr/include/opencv/cv.h:64,
                 from main.cpp:2:
/usr/include/opencv2/core/operations.hpp:3907:59: note: template<class _Tp, int m, int n> std::ostream& cv::operator<<(std::ostream&, const cv::Matx<_Tp, m, n>&)
 template<typename _Tp, int m, int n> inline std::ostream& operator<<(std::ostream& out, const Matx<_Tp, m, n>& matx)
                                                           ^
/usr/include/opencv2/core/operations.hpp:3907:59: note:   template argument deduction/substitution failed:
main.cpp:50:13: note:   ‘std::vector<int>’ is not derived from ‘const cv::Matx<_Tp, m, n>’
     cout << goal_pos << endl;
             ^
In file included from /usr/include/opencv2/core/core.hpp:4855:0,
                 from /usr/include/opencv/cv.h:64,
                 from main.cpp:2:
/usr/include/opencv2/core/operations.hpp:3915:45: note: template<class _Tp> std::ostream& cv::operator<<(std::ostream&, const cv::Point_<_Tp>&)
 template<typename _Tp> inline std::ostream& operator<<(std::ostream& out, const Point_<_Tp>& p)
                                             ^
/usr/include/opencv2/core/operations.hpp:3915:45: note:   template argument deduction/substitution failed:
main.cpp:50:13: note:   ‘std::vector<int>’ is not derived from ‘const cv::Point_<_Tp>’
     cout << goal_pos << endl;
             ^
In file included from /usr/include/opencv2/core/core.hpp:4855:0,
                 from /usr/include/opencv/cv.h:64,
                 from main.cpp:2:
/usr/include/opencv2/core/operations.hpp:3923:45: note: template<class _Tp> std::ostream& cv::operator<<(std::ostream&, const cv::Point3_<_Tp>&)
 template<typename _Tp> inline std::ostream& operator<<(std::ostream& out, const Point3_<_Tp>& p)
                                             ^
/usr/include/opencv2/core/operations.hpp:3923:45: note:   template argument deduction/substitution failed:
main.cpp:50:13: note:   ‘std::vector<int>’ is not derived from ‘const cv::Point3_<_Tp>’
     cout << goal_pos << endl;
             ^
In file included from /usr/include/opencv2/core/core.hpp:4855:0,
                 from /usr/include/opencv/cv.h:64,
                 from main.cpp:2:
/usr/include/opencv2/core/operations.hpp:3931:52: note: template<class _Tp, int n> std::ostream& cv::operator<<(std::ostream&, const cv::Vec<_Tp, m>&)
 template<typename _Tp, int n> inline std::ostream& operator<<(std::ostream& out, const Vec<_Tp, n>& vec)
                                                    ^
/usr/include/opencv2/core/operations.hpp:3931:52: note:   template argument deduction/substitution failed:
main.cpp:50:13: note:   ‘std::vector<int>’ is not derived from ‘const cv::Vec<_Tp, m>’
     cout << goal_pos << endl;
             ^
In file included from /usr/include/opencv2/core/core.hpp:4855:0,
                 from /usr/include/opencv/cv.h:64,
                 from main.cpp:2:
/usr/include/opencv2/core/operations.hpp:3955:45: note: template<class _Tp> std::ostream& cv::operator<<(std::ostream&, const cv::Size_<_Tp>&)
 template<typename _Tp> inline std::ostream& operator<<(std::ostream& out, const Size_<_Tp>& size)
                                             ^
/usr/include/opencv2/core/operations.hpp:3955:45: note:   template argument deduction/substitution failed:
main.cpp:50:13: note:   ‘std::vector<int>’ is not derived from ‘const cv::Size_<_Tp>’
     cout << goal_pos << endl;
             ^
In file included from /usr/include/opencv2/core/core.hpp:4855:0,
                 from /usr/include/opencv/cv.h:64,
                 from main.cpp:2:
/usr/include/opencv2/core/operations.hpp:3963:45: note: template<class _Tp> std::ostream& cv::operator<<(std::ostream&, const cv::Rect_<_Tp>&)
 template<typename _Tp> inline std::ostream& operator<<(std::ostream& out, const Rect_<_Tp>& rect)
                                             ^
/usr/include/opencv2/core/operations.hpp:3963:45: note:   template argument deduction/substitution failed:
main.cpp:50:13: note:   ‘std::vector<int>’ is not derived from ‘const cv::Rect_<_Tp>’
     cout << goal_pos << endl;
             ^
In file included from /usr/include/opencv2/core/core.hpp:4856:0,
                 from /usr/include/opencv/cv.h:64,
                 from main.cpp:2:
/usr/include/opencv2/core/mat.hpp:2075:1: note: template<class _Tp, class T2> cv::MatCommaInitializer_<_Tp> cv::operator<<(const cv::Mat_<_Tp>&, T2)
 operator << (const Mat_<_Tp>& m, T2 val)
 ^
/usr/include/opencv2/core/mat.hpp:2075:1: note:   template argument deduction/substitution failed:
main.cpp:50:13: note:   ‘std::ostream {aka std::basic_ostream<char>}’ is not derived from ‘const cv::Mat_<_Tp>’
     cout << goal_pos << endl;
             ^
In file included from /usr/include/opencv2/flann/lsh_table.h:40:0,
                 from /usr/include/opencv2/flann/lsh_index.h:49,
                 from /usr/include/opencv2/flann/all_indices.h:42,
                 from /usr/include/opencv2/flann/flann_base.hpp:44,
                 from /usr/include/opencv2/flann/flann.hpp:50,
                 from /usr/include/opencv/cv.h:69,
                 from main.cpp:2:
/usr/include/c++/4.9.1/iomanip:238:5: note: template<class _CharT, class _Traits> std::basic_ostream<_CharT, _Traits>& std::operator<<(std::basic_ostream<_CharT, _Traits>&, std::_Setw)
     operator<<(basic_ostream<_CharT, _Traits>& __os, _Setw __f)
     ^
/usr/include/c++/4.9.1/iomanip:238:5: note:   template argument deduction/substitution failed:
main.cpp:50:13: note:   cannot convert ‘goal_pos’ (type ‘std::vector<int>’) to type ‘std::_Setw’
     cout << goal_pos << endl;
             ^
In file included from /usr/include/opencv2/flann/lsh_table.h:40:0,
                 from /usr/include/opencv2/flann/lsh_index.h:49,
                 from /usr/include/opencv2/flann/all_indices.h:42,
                 from /usr/include/opencv2/flann/flann_base.hpp:44,
                 from /usr/include/opencv2/flann/flann.hpp:50,
                 from /usr/include/opencv/cv.h:69,
                 from main.cpp:2:
/usr/include/c++/4.9.1/iomanip:208:5: note: template<class _CharT, class _Traits> std::basic_ostream<_CharT, _Traits>& std::operator<<(std::basic_ostream<_CharT, _Traits>&, std::_Setprecision)
     operator<<(basic_ostream<_CharT, _Traits>& __os, _Setprecision __f)
     ^
/usr/include/c++/4.9.1/iomanip:208:5: note:   template argument deduction/substitution failed:
main.cpp:50:13: note:   cannot convert ‘goal_pos’ (type ‘std::vector<int>’) to type ‘std::_Setprecision’
     cout << goal_pos << endl;
             ^
In file included from /usr/include/opencv2/flann/lsh_table.h:40:0,
                 from /usr/include/opencv2/flann/lsh_index.h:49,
                 from /usr/include/opencv2/flann/all_indices.h:42,
                 from /usr/include/opencv2/flann/flann_base.hpp:44,
                 from /usr/include/opencv2/flann/flann.hpp:50,
Makefile:12: recipe for target 'main.o' failed
                 from /usr/include/opencv/cv.h:69,
                 from main.cpp:2:
/usr/include/c++/4.9.1/iomanip:178:5: note: template<class _CharT, class _Traits> std::basic_ostream<_CharT, _Traits>& std::operator<<(std::basic_ostream<_CharT, _Traits>&, std::_Setfill<_CharT>)
     operator<<(basic_ostream<_CharT, _Traits>& __os, _Setfill<_CharT> __f)
     ^
/usr/include/c++/4.9.1/iomanip:178:5: note:   template argument deduction/substitution failed:
main.cpp:50:13: note:   ‘std::vector<int>’ is not derived from ‘std::_Setfill<_CharT>’
     cout << goal_pos << endl;
             ^
In file included from /usr/include/opencv2/flann/lsh_table.h:40:0,
                 from /usr/include/opencv2/flann/lsh_index.h:49,
                 from /usr/include/opencv2/flann/all_indices.h:42,
                 from /usr/include/opencv2/flann/flann_base.hpp:44,
                 from /usr/include/opencv2/flann/flann.hpp:50,
                 from /usr/include/opencv/cv.h:69,
                 from main.cpp:2:
/usr/include/c++/4.9.1/iomanip:143:5: note: template<class _CharT, class _Traits> std::basic_ostream<_CharT, _Traits>& std::operator<<(std::basic_ostream<_CharT, _Traits>&, std::_Setbase)
     operator<<(basic_ostream<_CharT, _Traits>& __os, _Setbase __f)
     ^
/usr/include/c++/4.9.1/iomanip:143:5: note:   template argument deduction/substitution failed:
main.cpp:50:13: note:   cannot convert ‘goal_pos’ (type ‘std::vector<int>’) to type ‘std::_Setbase’
     cout << goal_pos << endl;
             ^
In file included from /usr/include/opencv2/flann/lsh_table.h:40:0,
                 from /usr/include/opencv2/flann/lsh_index.h:49,
                 from /usr/include/opencv2/flann/all_indices.h:42,
                 from /usr/include/opencv2/flann/flann_base.hpp:44,
                 from /usr/include/opencv2/flann/flann.hpp:50,
                 from /usr/include/opencv/cv.h:69,
                 from main.cpp:2:
/usr/include/c++/4.9.1/iomanip:109:5: note: template<class _CharT, class _Traits> std::basic_ostream<_CharT, _Traits>& std::operator<<(std::basic_ostream<_CharT, _Traits>&, std::_Setiosflags)
     operator<<(basic_ostream<_CharT, _Traits>& __os, _Setiosflags __f)
     ^
/usr/include/c++/4.9.1/iomanip:109:5: note:   template argument deduction/substitution failed:
main.cpp:50:13: note:   cannot convert ‘goal_pos’ (type ‘std::vector<int>’) to type ‘std::_Setiosflags’
     cout << goal_pos << endl;
             ^
In file included from /usr/include/opencv2/flann/lsh_table.h:40:0,
                 from /usr/include/opencv2/flann/lsh_index.h:49,
                 from /usr/include/opencv2/flann/all_indices.h:42,
                 from /usr/include/opencv2/flann/flann_base.hpp:44,
                 from /usr/include/opencv2/flann/flann.hpp:50,
                 from /usr/include/opencv/cv.h:69,
                 from main.cpp:2:
/usr/include/c++/4.9.1/iomanip:79:5: note: template<class _CharT, class _Traits> std::basic_ostream<_CharT, _Traits>& std::operator<<(std::basic_ostream<_CharT, _Traits>&, std::_Resetiosflags)
     operator<<(basic_ostream<_CharT, _Traits>& __os, _Resetiosflags __f)
     ^
/usr/include/c++/4.9.1/iomanip:79:5: note:   template argument deduction/substitution failed:
main.cpp:50:13: note:   cannot convert ‘goal_pos’ (type ‘std::vector<int>’) to type ‘std::_Resetiosflags’
     cout << goal_pos << endl;
             ^
In file included from /usr/include/opencv2/core/core.hpp:59:0,
                 from /usr/include/opencv/cv.h:64,
                 from main.cpp:2:
/usr/include/c++/4.9.1/complex:521:5: note: template<class _Tp, class _CharT, class _Traits> std::basic_ostream<_CharT, _Traits>& std::operator<<(std::basic_ostream<_CharT, _Traits>&, const std::complex<_Tp>&)
     operator<<(basic_ostream<_CharT, _Traits>& __os, const complex<_Tp>& __x)
     ^
/usr/include/c++/4.9.1/complex:521:5: note:   template argument deduction/substitution failed:
main.cpp:50:13: note:   ‘std::vector<int>’ is not derived from ‘const std::complex<_Tp>’
     cout << goal_pos << endl;
             ^
In file included from /usr/include/c++/4.9.1/iostream:39:0,
                 from main.cpp:1:
/usr/include/c++/4.9.1/ostream:548:5: note: template<class _Traits> std::basic_ostream<char, _Traits>& std::operator<<(std::basic_ostream<char, _Traits>&, const unsigned char*)
     operator<<(basic_ostream<char, _Traits>& __out, const unsigned char* __s)
     ^
/usr/include/c++/4.9.1/ostream:548:5: note:   template argument deduction/substitution failed:
main.cpp:50:13: note:   cannot convert ‘goal_pos’ (type ‘std::vector<int>’) to type ‘const unsigned char*’
     cout << goal_pos << endl;
             ^
In file included from /usr/include/c++/4.9.1/iostream:39:0,
                 from main.cpp:1:
/usr/include/c++/4.9.1/ostream:543:5: note: template<class _Traits> std::basic_ostream<char, _Traits>& std::operator<<(std::basic_ostream<char, _Traits>&, const signed char*)
     operator<<(basic_ostream<char, _Traits>& __out, const signed char* __s)
     ^
/usr/include/c++/4.9.1/ostream:543:5: note:   template argument deduction/substitution failed:
main.cpp:50:13: note:   cannot convert ‘goal_pos’ (type ‘std::vector<int>’) to type ‘const signed char*’
     cout << goal_pos << endl;
             ^
In file included from /usr/include/c++/4.9.1/iostream:39:0,
                 from main.cpp:1:
/usr/include/c++/4.9.1/ostream:530:5: note: template<class _Traits> std::basic_ostream<char, _Traits>& std::operator<<(std::basic_ostream<char, _Traits>&, const char*)
     operator<<(basic_ostream<char, _Traits>& __out, const char* __s)
     ^
/usr/include/c++/4.9.1/ostream:530:5: note:   template argument deduction/substitution failed:
main.cpp:50:13: note:   cannot convert ‘goal_pos’ (type ‘std::vector<int>’) to type ‘const char*’
     cout << goal_pos << endl;
             ^
In file included from /usr/include/c++/4.9.1/ostream:609:0,
                 from /usr/include/c++/4.9.1/iostream:39,
                 from main.cpp:1:
/usr/include/c++/4.9.1/bits/ostream.tcc:321:5: note: template<class _CharT, class _Traits> std::basic_ostream<_CharT, _Traits>& std::operator<<(std::basic_ostream<_CharT, _Traits>&, const char*)
     operator<<(basic_ostream<_CharT, _Traits>& __out, const char* __s)
     ^
/usr/include/c++/4.9.1/bits/ostream.tcc:321:5: note:   template argument deduction/substitution failed:
main.cpp:50:13: note:   cannot convert ‘goal_pos’ (type ‘std::vector<int>’) to type ‘const char*’
     cout << goal_pos << endl;
             ^
In file included from /usr/include/c++/4.9.1/iostream:39:0,
                 from main.cpp:1:
/usr/include/c++/4.9.1/ostream:513:5: note: template<class _CharT, class _Traits> std::basic_ostream<_CharT, _Traits>& std::operator<<(std::basic_ostream<_CharT, _Traits>&, const _CharT*)
     operator<<(basic_ostream<_CharT, _Traits>& __out, const _CharT* __s)
     ^
/usr/include/c++/4.9.1/ostream:513:5: note:   template argument deduction/substitution failed:
main.cpp:50:13: note:   mismatched types ‘const _CharT*’ and ‘std::vector<int>’
     cout << goal_pos << endl;
             ^
In file included from /usr/include/c++/4.9.1/iostream:39:0,
                 from main.cpp:1:
/usr/include/c++/4.9.1/ostream:493:5: note: template<class _Traits> std::basic_ostream<char, _Traits>& std::operator<<(std::basic_ostream<char, _Traits>&, unsigned char)
     operator<<(basic_ostream<char, _Traits>& __out, unsigned char __c)
     ^
/usr/include/c++/4.9.1/ostream:493:5: note:   template argument deduction/substitution failed:
main.cpp:50:13: note:   cannot convert ‘goal_pos’ (type ‘std::vector<int>’) to type ‘unsigned char’
     cout << goal_pos << endl;
             ^
In file included from /usr/include/c++/4.9.1/iostream:39:0,
                 from main.cpp:1:
/usr/include/c++/4.9.1/ostream:488:5: note: template<class _Traits> std::basic_ostream<char, _Traits>& std::operator<<(std::basic_ostream<char, _Traits>&, signed char)
     operator<<(basic_ostream<char, _Traits>& __out, signed char __c)
     ^
/usr/include/c++/4.9.1/ostream:488:5: note:   template argument deduction/substitution failed:
main.cpp:50:13: note:   cannot convert ‘goal_pos’ (type ‘std::vector<int>’) to type ‘signed char’
     cout << goal_pos << endl;
             ^
In file included from /usr/include/c++/4.9.1/iostream:39:0,
                 from main.cpp:1:
/usr/include/c++/4.9.1/ostream:482:5: note: template<class _Traits> std::basic_ostream<char, _Traits>& std::operator<<(std::basic_ostream<char, _Traits>&, char)
     operator<<(basic_ostream<char, _Traits>& __out, char __c)
     ^
/usr/include/c++/4.9.1/ostream:482:5: note:   template argument deduction/substitution failed:
main.cpp:50:13: note:   cannot convert ‘goal_pos’ (type ‘std::vector<int>’) to type ‘char’
     cout << goal_pos << endl;
             ^
In file included from /usr/include/c++/4.9.1/iostream:39:0,
                 from main.cpp:1:
/usr/include/c++/4.9.1/ostream:476:5: note: template<class _CharT, class _Traits> std::basic_ostream<_CharT, _Traits>& std::operator<<(std::basic_ostream<_CharT, _Traits>&, char)
     operator<<(basic_ostream<_CharT, _Traits>& __out, char __c)
     ^
/usr/include/c++/4.9.1/ostream:476:5: note:   template argument deduction/substitution failed:
main.cpp:50:13: note:   cannot convert ‘goal_pos’ (type ‘std::vector<int>’) to type ‘char’
     cout << goal_pos << endl;
             ^
In file included from /usr/include/c++/4.9.1/iostream:39:0,
                 from main.cpp:1:
/usr/include/c++/4.9.1/ostream:471:5: note: template<class _CharT, class _Traits> std::basic_ostream<_CharT, _Traits>& std::operator<<(std::basic_ostream<_CharT, _Traits>&, _CharT)
     operator<<(basic_ostream<_CharT, _Traits>& __out, _CharT __c)
     ^
/usr/include/c++/4.9.1/ostream:471:5: note:   template argument deduction/substitution failed:
main.cpp:50:13: note:   deduced conflicting types for parameter ‘_CharT’ (‘char’ and ‘std::vector<int>’)
     cout << goal_pos << endl;
             ^
In file included from /usr/include/c++/4.9.1/string:52:0,
                 from /usr/include/c++/4.9.1/bits/locale_classes.h:40,
                 from /usr/include/c++/4.9.1/bits/ios_base.h:41,
                 from /usr/include/c++/4.9.1/ios:42,
                 from /usr/include/c++/4.9.1/ostream:38,
                 from /usr/include/c++/4.9.1/iostream:39,
                 from main.cpp:1:
/usr/include/c++/4.9.1/bits/basic_string.h:2772:5: note: template<class _CharT, class _Traits, class _Alloc> std::basic_ostream<_CharT, _Traits>& std::operator<<(std::basic_ostream<_CharT, _Traits>&, const std::basic_string<_CharT, _Traits, _Alloc>&)
     operator<<(basic_ostream<_CharT, _Traits>& __os,
     ^
/usr/include/c++/4.9.1/bits/basic_string.h:2772:5: note:   template argument deduction/substitution failed:
main.cpp:50:13: note:   ‘std::vector<int>’ is not derived from ‘const std::basic_string<_CharT, _Traits, _Alloc>’
     cout << goal_pos << endl;
             ^
main.cpp:60:47: error: no matching function for call to ‘CMulti_DNMX_Motor::move_to_goal_pos(std::vector<int>&, int [4])’
     Motors.move_to_goal_pos(goal_pos, curr_pos);
                                               ^
main.cpp:60:47: note: candidate is:
In file included from main.cpp:5:0:
multi_motor.h:79:10: note: void CMulti_DNMX_Motor::move_to_goal_pos(std::vector<int>*, int*)
     void move_to_goal_pos (vector<int> *GoalPos, int PresentPos[]);
          ^
multi_motor.h:79:10: note:   no known conversion for argument 1 from ‘std::vector<int>’ to ‘std::vector<int>*’
make: *** [main.o] Error 1
13:32:20 **** Incremental Build of configuration Default for project robot ****
make all 
g++ -I/usr/include/opencv  -g -c main.cpp
main.cpp: In function ‘int main(int, char**)’:
main.cpp:43:13: error: base operand of ‘->’ has non-pointer type ‘std::vector<int>’
     goal_pos->at(0)= 2096;
             ^
main.cpp:44:13: error: base operand of ‘->’ has non-pointer type ‘std::vector<int>’
     goal_pos->at(1) = 205;
             ^
main.cpp:45:13: error: base operand of ‘->’ has non-pointer type ‘std::vector<int>’
     goal_pos->at(2)= 650;
             ^
main.cpp:46:13: error: base operand of ‘->’ has non-pointer type ‘std::vector<int>’
     goal_pos->at(3) = a;
             ^
Makefile:12: recipe for target 'main.o' failed
make: *** [main.o] Error 1
13:32:48 **** Incremental Build of configuration Default for project robot ****
make all 
g++ -I/usr/include/opencv  -g -c main.cpp
g++ main.o multi_motor.o dynamixel.o dxl_hal.o ikine.o fkine.o control_and_input.o -o main 
13:34:36 **** Incremental Build of configuration Default for project robot ****
make all 
g++ -I/usr/include/opencv  -g -c main.cpp
g++ main.o multi_motor.o dynamixel.o dxl_hal.o ikine.o fkine.o control_and_input.o -o main 
13:37:48 **** Incremental Build of configuration Default for project robot ****
make all 
g++ -I/usr/include/opencv  -g -c main.cpp
g++ -I/usr/include/opencv  -g -c fkine.cpp
g++ main.o multi_motor.o dynamixel.o dxl_hal.o ikine.o fkine.o control_and_input.o -o main 
13:45:09 **** Incremental Build of configuration Default for project robot ****
make all 
g++ -I/usr/include/opencv  -g -c main.cpp
g++ -I/usr/include/opencv  -g -c fkine.cpp
g++ main.o multi_motor.o dynamixel.o dxl_hal.o ikine.o fkine.o control_and_input.o -o main 
13:45:25 **** Incremental Build of configuration Default for project robot ****
make all 
g++ -I/usr/include/opencv  -g -c main.cpp
g++ main.o multi_motor.o dynamixel.o dxl_hal.o ikine.o fkine.o control_and_input.o -o main 
13:47:07 **** Incremental Build of configuration Default for project robot ****
make all 
g++ -I/usr/include/opencv  -g -c fkine.cpp
g++ main.o multi_motor.o dynamixel.o dxl_hal.o ikine.o fkine.o control_and_input.o -o main 
13:52:52 **** Incremental Build of configuration Default for project robot ****
make all 
g++ -I/usr/include/opencv  -g -c fkine.cpp
g++ main.o multi_motor.o dynamixel.o dxl_hal.o ikine.o fkine.o control_and_input.o -o main 
13:52:54 **** Incremental Build of configuration Default for project robot ****
make all 
make: Nothing to be done for 'all'.
13:52:55 **** Incremental Build of configuration Default for project robot ****
make all 
make: Nothing to be done for 'all'.
13:53:32 **** Incremental Build of configuration Default for project robot ****
make all 
g++ -I/usr/include/opencv  -g -c fkine.cpp
g++ main.o multi_motor.o dynamixel.o dxl_hal.o ikine.o fkine.o control_and_input.o -o main 
13:54:56 **** Incremental Build of configuration Default for project robot ****
make all 
g++ -I/usr/include/opencv  -g -c fkine.cpp
g++ main.o multi_motor.o dynamixel.o dxl_hal.o ikine.o fkine.o control_and_input.o -o main 
14:01:35 **** Incremental Build of configuration Default for project robot ****
make all 
g++ -I/usr/include/opencv  -g -c main.cpp
g++ main.o multi_motor.o dynamixel.o dxl_hal.o ikine.o fkine.o control_and_input.o -o main 
14:05:13 **** Incremental Build of configuration Default for project robot ****
make all 
g++ -I/usr/include/opencv  -g -c fkine.cpp
g++ main.o multi_motor.o dynamixel.o dxl_hal.o ikine.o fkine.o control_and_input.o -o main 
14:05:42 **** Incremental Build of configuration Default for project robot ****
make all 
g++ -I/usr/include/opencv  -g -c fkine.cpp
g++ main.o multi_motor.o dynamixel.o dxl_hal.o ikine.o fkine.o control_and_input.o -o main 
14:05:58 **** Incremental Build of configuration Default for project robot ****
make all 
g++ -I/usr/include/opencv  -g -c fkine.cpp
g++ main.o multi_motor.o dynamixel.o dxl_hal.o ikine.o fkine.o control_and_input.o -o main 
14:07:27 **** Incremental Build of configuration Default for project robot ****
make all 
g++ -c ikine.cpp
g++ main.o multi_motor.o dynamixel.o dxl_hal.o ikine.o fkine.o control_and_input.o -o main 
14:07:32 **** Incremental Build of configuration Default for project robot ****
make all 
make: Nothing to be done for 'all'.
14:09:22 **** Incremental Build of configuration Default for project robot ****
make all 
g++ -I/usr/include/opencv  -g -c main.cpp
g++ main.o multi_motor.o dynamixel.o dxl_hal.o ikine.o fkine.o control_and_input.o -o main 
14:10:25 **** Incremental Build of configuration Default for project robot ****
make all 
g++ -I/usr/include/opencv  -g -c main.cpp
g++ main.o multi_motor.o dynamixel.o dxl_hal.o ikine.o fkine.o control_and_input.o -o main 
14:10:46 **** Incremental Build of configuration Default for project robot ****
make all 
g++ -I/usr/include/opencv  -g -c main.cpp
g++ main.o multi_motor.o dynamixel.o dxl_hal.o ikine.o fkine.o control_and_input.o -o main 
14:12:05 **** Incremental Build of configuration Default for project robot ****
make all 
g++ -I/usr/include/opencv  -g -c main.cpp
g++ main.o multi_motor.o dynamixel.o dxl_hal.o ikine.o fkine.o control_and_input.o -o main 
14:14:05 **** Incremental Build of configuration Default for project robot ****
make all 
g++ -c ikine.cpp
g++ main.o multi_motor.o dynamixel.o dxl_hal.o ikine.o fkine.o control_and_input.o -o main 
14:14:32 **** Incremental Build of configuration Default for project robot ****
make all 
make: Nothing to be done for 'all'.
14:14:38 **** Incremental Build of configuration Default for project robot ****
make all 
g++ -c ikine.cpp
g++ main.o multi_motor.o dynamixel.o dxl_hal.o ikine.o fkine.o control_and_input.o -o main 
14:22:30 **** Incremental Build of configuration Default for project robot ****
make all 
g++ -I/usr/include/opencv  -g -c main.cpp
g++ -c ikine.cpp
g++ main.o multi_motor.o dynamixel.o dxl_hal.o ikine.o fkine.o control_and_input.o -o main 
14:25:03 **** Incremental Build of configuration Default for project robot ****
make all 
g++ -I/usr/include/opencv  -g -c main.cpp
g++ main.o multi_motor.o dynamixel.o dxl_hal.o ikine.o fkine.o control_and_input.o -o main 
14:25:54 **** Incremental Build of configuration Default for project robot ****
make all 
g++ -I/usr/include/opencv  -g -c main.cpp
g++ main.o multi_motor.o dynamixel.o dxl_hal.o ikine.o fkine.o control_and_input.o -o main 
14:26:45 **** Incremental Build of configuration Default for project robot ****
make all 
g++ -I/usr/include/opencv  -g -c main.cpp
g++ main.o multi_motor.o dynamixel.o dxl_hal.o ikine.o fkine.o control_and_input.o -o main 
14:29:13 **** Incremental Build of configuration Default for project robot ****
make all 
g++ -c ikine.cpp
g++ main.o multi_motor.o dynamixel.o dxl_hal.o ikine.o fkine.o control_and_input.o -o main 
14:39:03 **** Incremental Build of configuration Default for project robot ****
make all 
g++ -c ikine.cpp
g++ main.o multi_motor.o dynamixel.o dxl_hal.o ikine.o fkine.o control_and_input.o -o main 
14:52:28 **** Incremental Build of configuration Default for project robot ****
make all 
g++ -c ikine.cpp
g++ main.o multi_motor.o dynamixel.o dxl_hal.o ikine.o fkine.o control_and_input.o -o main 
14:52:29 **** Incremental Build of configuration Default for project robot ****
make all 
make: Nothing to be done for 'all'.
11:30:26 **** Build of configuration Default for project robot ****
make all 
make: Nothing to be done for 'all'.
11:30:39 **** Incremental Build of configuration Default for project robot ****
make all 
g++ -I/usr/include/opencv  -g -c main.cpp
g++ -c multi_motor.cpp
g++ -c dynamixel.c
g++ -c dxl_hal.c
g++ -c ikine.cpp
g++ -I/usr/include/opencv  -g -c fkine.cpp
g++ -I/usr/include/opencv  -g -c control_and_input.cpp
g++ main.o multi_motor.o dynamixel.o dxl_hal.o ikine.o fkine.o control_and_input.o -o main 
11:32:51 **** Incremental Build of configuration Default for project robot ****
make all 
g++ -I/usr/include/opencv  -g -c main.cpp
g++ -c multi_motor.cpp
g++ -c dynamixel.c
g++ -c dxl_hal.c
g++ -c ikine.cpp
g++ -I/usr/include/opencv  -g -c fkine.cpp
g++ -I/usr/include/opencv  -g -c control_and_input.cpp
g++ main.o multi_motor.o dynamixel.o dxl_hal.o ikine.o fkine.o control_and_input.o -o main 
11:43:26 **** Incremental Build of configuration Default for project robot ****
make all 
g++ -I/usr/include/opencv  -g -c main.cpp
g++ -c multi_motor.cpp
g++ -c dynamixel.c
g++ -c dxl_hal.c
g++ -c ikine.cpp
ikine.cpp: In function ‘bool ikine(std::vector<double>, std::vector<double>*)’:
ikine.cpp:4:57: error: ambiguating new declaration of ‘bool ikine(std::vector<double>, std::vector<double>*)’
 bool ikine(vector<double> coords, vector<double>* angles) {
                                                         ^
In file included from ikine.cpp:1:0:
ikine.h:22:6: note: old declaration ‘void ikine(std::vector<double>, std::vector<double>*)’
Makefile:24: recipe for target 'ikine.o' failed
 void ikine( vector<double> coords, vector<double> * angles );
      ^
ikine.cpp:16:60: error: expected primary-expression before ‘||’ token
  if ( sqrt( pow(x,2) + pow(y,2) + pow(z,2) ) < (L2 + L3) ) ||
                                                            ^
make: *** [ikine.o] Error 1
11:43:45 **** Incremental Build of configuration Default for project robot ****
make all 
g++ -c ikine.cpp
ikine.cpp: In function ‘bool ikine(std::vector<double>, std::vector<double>*)’:
ikine.cpp:4:57: error: ambiguating new declaration of ‘bool ikine(std::vector<double>, std::vector<double>*)’
 bool ikine(vector<double> coords, vector<double>* angles) {
                                                         ^
In file included from ikine.cpp:1:0:
ikine.h:22:6: note: old declaration ‘void ikine(std::vector<double>, std::vector<double>*)’
 void ikine( vector<double> coords, vector<double> * angles );
      ^
make: *** [ikine.o] Error 1
Makefile:24: recipe for target 'ikine.o' failed
11:45:17 **** Incremental Build of configuration Default for project robot ****
make all 
g++ -c ikine.cpp
g++ -I/usr/include/opencv  -g -c fkine.cpp
g++ -I/usr/include/opencv  -g -c control_and_input.cpp
g++ main.o multi_motor.o dynamixel.o dxl_hal.o ikine.o fkine.o control_and_input.o -o main 
11:46:59 **** Incremental Build of configuration Default for project robot ****
make all 
g++ -c ikine.cpp
g++ main.o multi_motor.o dynamixel.o dxl_hal.o ikine.o fkine.o control_and_input.o -o main 
18:37:28 **** Build of configuration Default for project robot ****
make all 
g++ -I/usr/include/opencv  -g -c main.cpp
g++ -c multi_motor.cpp
g++ -c dynamixel.c
g++ -c dxl_hal.c
g++ -c ikine.cpp
g++ -I/usr/include/opencv  -g -c fkine.cpp
g++ -I/usr/include/opencv  -g -c control_and_input.cpp
g++ main.o multi_motor.o dynamixel.o dxl_hal.o ikine.o fkine.o control_and_input.o -o main 
